#
# There is insufficient memory for the Java Runtime Environment to continue.
# Native memory allocation (malloc) failed to allocate 32744 bytes for ChunkPool::allocate
# Possible reasons:
#   The system is out of physical RAM or swap space
#   The process is running with CompressedOops enabled, and the Java Heap may be blocking the growth of the native heap
# Possible solutions:
#   Reduce memory load on the system
#   Increase physical memory or swap space
#   Check if swap backing store is full
#   Decrease Java heap size (-Xmx/-Xms)
#   Decrease number of Java threads
#   Decrease Java thread stack sizes (-Xss)
#   Set larger code cache with -XX:ReservedCodeCacheSize=
#   JVM is running with Zero Based Compressed Oops mode in which the Java heap is
#     placed in the first 32GB address space. The Java Heap base address is the
#     maximum limit for the native heap growth. Please use -XX:HeapBaseMinAddress
#     to set the Java Heap base and to place the Java Heap above 32GB virtual address.
# This output file may be truncated or incomplete.
#
#  Out of Memory Error (t:/workspace/open/src/hotspot/share/memory/arena.cpp:81), pid=27376, tid=15752
#
# JRE version: Java(TM) SE Runtime Environment (11.0.4+10) (build 11.0.4+10-LTS)
# Java VM: Java HotSpot(TM) 64-Bit Server VM (11.0.4+10-LTS, mixed mode, tiered, compressed oops, g1 gc, windows-amd64)
# No core dump will be written. Minidumps are not enabled by default on client versions of Windows
#

---------------  S U M M A R Y ------------

Command Line: -ea -Dfile.encoding=Cp1252 org.eclipse.jdt.internal.junit.runner.RemoteTestRunner -version 3 -port 63004 -testLoaderClass org.eclipse.jdt.internal.junit5.runner.JUnit5TestLoader -loaderpluginname org.eclipse.jdt.junit5.runtime -classNames audit.Module8

Host: Intel(R) Core(TM) i7-8550U CPU @ 1.80GHz, 8 cores, 15G,  Windows 10 , 64 bit Build 18362 (10.0.18362.778)
Time: Tue May  5 13:50:34 2020 Eastern Daylight Time elapsed time: 150 seconds (0d 0h 2m 30s)

---------------  T H R E A D  ---------------

Current thread (0x000001d631617800):  JavaThread "main" [_thread_in_vm, id=15752, stack(0x000000899fa00000,0x000000899fb00000)]

Stack: [0x000000899fa00000,0x000000899fb00000]
Native frames: (J=compiled Java code, j=interpreted, Vv=VM code, C=native code)
V  [jvm.dll+0x635bda]
V  [jvm.dll+0x77360f]
V  [jvm.dll+0x774cba]
V  [jvm.dll+0x775373]
V  [jvm.dll+0x25e668]
V  [jvm.dll+0xc25bb]
V  [jvm.dll+0xc291c]
V  [jvm.dll+0x769a43]
V  [jvm.dll+0x76a10f]
V  [jvm.dll+0x76cdfd]
V  [jvm.dll+0x76961b]
V  [jvm.dll+0x112728]
V  [jvm.dll+0x113ae9]
V  [jvm.dll+0x113274]
V  [jvm.dll+0x7061e2]
V  [jvm.dll+0x42413d]
C  0x000001d64147c1f9

Java frames: (J=compiled Java code, j=interpreted, Vv=VM code)
J 1045  java.lang.System.identityHashCode(Ljava/lang/Object;)I java.base@11.0.4 (0 bytes) @ 0x000001d64147c15d [0x000001d64147c0c0+0x000000000000009d]
j  java.util.IdentityHashMap.hash(Ljava/lang/Object;I)I+1 java.base@11.0.4
j  java.util.IdentityHashMap.put(Ljava/lang/Object;Ljava/lang/Object;)Ljava/lang/Object;+19 java.base@11.0.4
J 1031 c1 java.util.Collections$SetFromMap.add(Ljava/lang/Object;)Z java.base@11.0.4 (22 bytes) @ 0x000001d63a1068fc [0x000001d63a1067e0+0x000000000000011c]
j  java.lang.Throwable.printStackTrace(Ljava/lang/Throwable$PrintStreamOrWriter;)V+13 java.base@11.0.4
j  java.lang.Throwable.printStackTrace(Ljava/io/PrintStream;)V+9 java.base@11.0.4
j  java.lang.Throwable.printStackTrace()V+4 java.base@11.0.4
J 2726 c2 structure.SimplePage.writeNull(I)V (158 bytes) @ 0x000001d64153b348 [0x000001d64153ad20+0x0000000000000628]
j  structure.PersistentHashMap.resize(ILjava/lang/Object;Z)V+173
J 2730 c2 structure.PersistentHashMap.resize(ILjava/lang/Object;Z)V (469 bytes) @ 0x000001d641545d88 [0x000001d641544f60+0x0000000000000e28]
J 2730 c2 structure.PersistentHashMap.resize(ILjava/lang/Object;Z)V (469 bytes) @ 0x000001d641545d88 [0x000001d641544f60+0x0000000000000e28]
J 2730 c2 structure.PersistentHashMap.resize(ILjava/lang/Object;Z)V (469 bytes) @ 0x000001d641545d88 [0x000001d641544f60+0x0000000000000e28]
J 2730 c2 structure.PersistentHashMap.resize(ILjava/lang/Object;Z)V (469 bytes) @ 0x000001d641545d88 [0x000001d641544f60+0x0000000000000e28]
J 2730 c2 structure.PersistentHashMap.resize(ILjava/lang/Object;Z)V (469 bytes) @ 0x000001d641545d88 [0x000001d641544f60+0x0000000000000e28]
J 2727% c2 structure.PersistentHashMap.resize(ILjava/lang/Object;Z)V (469 bytes) @ 0x000001d64153c654 [0x000001d64153c240+0x0000000000000414]
J 2712 c1 structure.PersistentHashMap.resize(ILjava/lang/Object;Z)V (469 bytes) @ 0x000001d63a4f1884 [0x000001d63a4efea0+0x00000000000019e4]
J 2712 c1 structure.PersistentHashMap.resize(ILjava/lang/Object;Z)V (469 bytes) @ 0x000001d63a4f1884 [0x000001d63a4efea0+0x00000000000019e4]
J 2712 c1 structure.PersistentHashMap.resize(ILjava/lang/Object;Z)V (469 bytes) @ 0x000001d63a4f1884 [0x000001d63a4efea0+0x00000000000019e4]
j  structure.PersistentHashMap.resizeChains(ILstructure/SimpleEntry;)V+162
j  structure.PersistentHashMap.put(Ljava/lang/Object;Ljava/util/List;)Ljava/util/List;+346
j  jdk.internal.reflect.GeneratedMethodAccessor16.invoke(Ljava/lang/Object;[Ljava/lang/Object;)Ljava/lang/Object;+48
J 2038 c1 jdk.internal.reflect.DelegatingMethodAccessorImpl.invoke(Ljava/lang/Object;[Ljava/lang/Object;)Ljava/lang/Object; java.base@11.0.4 (10 bytes) @ 0x000001d63a32e26c [0x000001d63a32e160+0x000000000000010c]
J 2158 c1 org.codehaus.groovy.reflection.CachedMethod.invoke(Ljava/lang/Object;[Ljava/lang/Object;)Ljava/lang/Object; (84 bytes) @ 0x000001d63a3792a4 [0x000001d63a3788a0+0x0000000000000a04]
J 2157 c1 groovy.lang.MetaMethod.doMethodInvoke(Ljava/lang/Object;[Ljava/lang/Object;)Ljava/lang/Object; (22 bytes) @ 0x000001d63a37acc4 [0x000001d63a37ab80+0x0000000000000144]
J 2250 c1 groovy.lang.MetaClassImpl.invokeMethod(Ljava/lang/Class;Ljava/lang/Object;Ljava/lang/String;[Ljava/lang/Object;ZZ)Ljava/lang/Object; (869 bytes) @ 0x000001d63a3b5214 [0x000001d63a3b0a20+0x00000000000047f4]
J 2253 c1 groovy.lang.MetaClassImpl.invokeMethod(Ljava/lang/Object;Ljava/lang/String;[Ljava/lang/Object;)Ljava/lang/Object; (14 bytes) @ 0x000001d63a3b82ec [0x000001d63a3b81c0+0x000000000000012c]
J 2309 c1 org.codehaus.groovy.runtime.InvokerHelper.invokeMethod(Ljava/lang/Object;Ljava/lang/String;Ljava/lang/Object;)Ljava/lang/Object; (66 bytes) @ 0x000001d63a3d80fc [0x000001d63a3d6740+0x00000000000019bc]
J 2462 c1 org.codehaus.groovy.runtime.ScriptBytecodeAdapter.invokeMethodN(Ljava/lang/Class;Ljava/lang/Object;Ljava/lang/String;[Ljava/lang/Object;)Ljava/lang/Object; (15 bytes) @ 0x000001d63a4614b4 [0x000001d63a461460+0x0000000000000054]
j  audit.Module8$_test_closure3.doCall(Ljava/lang/Object;)Ljava/lang/Object;+260
j  audit.Module8$_test_closure3.doCall()Ljava/lang/Object;+6
j  jdk.internal.reflect.GeneratedMethodAccessor9.invoke(Ljava/lang/Object;[Ljava/lang/Object;)Ljava/lang/Object;+36
J 2038 c1 jdk.internal.reflect.DelegatingMethodAccessorImpl.invoke(Ljava/lang/Object;[Ljava/lang/Object;)Ljava/lang/Object; java.base@11.0.4 (10 bytes) @ 0x000001d63a32e26c [0x000001d63a32e160+0x000000000000010c]
J 2158 c1 org.codehaus.groovy.reflection.CachedMethod.invoke(Ljava/lang/Object;[Ljava/lang/Object;)Ljava/lang/Object; (84 bytes) @ 0x000001d63a3792a4 [0x000001d63a3788a0+0x0000000000000a04]
J 2157 c1 groovy.lang.MetaMethod.doMethodInvoke(Ljava/lang/Object;[Ljava/lang/Object;)Ljava/lang/Object; (22 bytes) @ 0x000001d63a37acc4 [0x000001d63a37ab80+0x0000000000000144]
J 2555 c1 org.codehaus.groovy.runtime.metaclass.ClosureMetaClass.invokeMethod(Ljava/lang/Class;Ljava/lang/Object;Ljava/lang/String;[Ljava/lang/Object;ZZ)Ljava/lang/Object; (872 bytes) @ 0x000001d63a495b0c [0x000001d63a491700+0x000000000000440c]
J 2253 c1 groovy.lang.MetaClassImpl.invokeMethod(Ljava/lang/Object;Ljava/lang/String;[Ljava/lang/Object;)Ljava/lang/Object; (14 bytes) @ 0x000001d63a3b82ec [0x000001d63a3b81c0+0x000000000000012c]
J 2554 c1 groovy.lang.Closure.call([Ljava/lang/Object;)Ljava/lang/Object; (30 bytes) @ 0x000001d63a49039c [0x000001d63a4901c0+0x00000000000001dc]
J 2553 c1 org.codehaus.groovy.runtime.ConvertedClosure.invokeCustom(Ljava/lang/Object;Ljava/lang/reflect/Method;[Ljava/lang/Object;)Ljava/lang/Object; (35 bytes) @ 0x000001d63a48fcfc [0x000001d63a48f980+0x000000000000037c]
J 2404 c1 org.codehaus.groovy.runtime.ConversionHandler.invoke(Ljava/lang/Object;Ljava/lang/reflect/Method;[Ljava/lang/Object;)Ljava/lang/Object; (146 bytes) @ 0x000001d63a448994 [0x000001d63a4471a0+0x00000000000017f4]
j  com.sun.proxy.$Proxy18.execute()V+9
j  org.junit.jupiter.engine.descriptor.DynamicTestTestDescriptor.lambda$execute$0()Ljava/lang/Void;+7
j  org.junit.jupiter.engine.descriptor.DynamicTestTestDescriptor$$Lambda$366.proceed()Ljava/lang/Object;+4
j  org.junit.jupiter.engine.execution.InvocationInterceptorChain$ValidatingInvocation.proceed()Ljava/lang/Object;+22
j  org.junit.jupiter.api.extension.InvocationInterceptor.interceptDynamicTest(Lorg/junit/jupiter/api/extension/InvocationInterceptor$Invocation;Lorg/junit/jupiter/api/extension/ExtensionContext;)V+1
j  org.junit.jupiter.engine.descriptor.DynamicTestTestDescriptor.lambda$execute$1(Lorg/junit/jupiter/api/extension/ExtensionContext;Lorg/junit/jupiter/api/extension/InvocationInterceptor;Lorg/junit/jupiter/api/extension/InvocationInterceptor$Invocation;)V+3
j  org.junit.jupiter.engine.descriptor.DynamicTestTestDescriptor$$Lambda$367.apply(Lorg/junit/jupiter/api/extension/InvocationInterceptor;Lorg/junit/jupiter/api/extension/InvocationInterceptor$Invocation;)V+6
j  org.junit.jupiter.engine.execution.InvocationInterceptorChain$InterceptorCall.lambda$ofVoid$0(Lorg/junit/jupiter/engine/execution/InvocationInterceptorChain$VoidInterceptorCall;Lorg/junit/jupiter/api/extension/InvocationInterceptor;Lorg/junit/jupiter/api/extension/InvocationInterceptor$Invocation;)Ljava/lang/Void;+3
j  org.junit.jupiter.engine.execution.InvocationInterceptorChain$InterceptorCall$$Lambda$368.apply(Lorg/junit/jupiter/api/extension/InvocationInterceptor;Lorg/junit/jupiter/api/extension/InvocationInterceptor$Invocation;)Ljava/lang/Object;+6
j  org.junit.jupiter.engine.execution.InvocationInterceptorChain$InterceptedInvocation.proceed()Ljava/lang/Object;+12
j  org.junit.jupiter.engine.execution.InvocationInterceptorChain.proceed(Lorg/junit/jupiter/api/extension/InvocationInterceptor$Invocation;)Ljava/lang/Object;+1
j  org.junit.jupiter.engine.execution.InvocationInterceptorChain.chainAndInvoke(Lorg/junit/jupiter/api/extension/InvocationInterceptor$Invocation;Lorg/junit/jupiter/engine/execution/InvocationInterceptorChain$InterceptorCall;Ljava/util/List;)Ljava/lang/Object;+24
j  org.junit.jupiter.engine.execution.InvocationInterceptorChain.invoke(Lorg/junit/jupiter/api/extension/InvocationInterceptor$Invocation;Lorg/junit/jupiter/engine/extension/ExtensionRegistry;Lorg/junit/jupiter/engine/execution/InvocationInterceptorChain$InterceptorCall;)Ljava/lang/Object;+31
j  org.junit.jupiter.engine.descriptor.DynamicTestTestDescriptor.execute(Lorg/junit/jupiter/engine/execution/JupiterEngineExecutionContext;Lorg/junit/platform/engine/support/hierarchical/Node$DynamicTestExecutor;)Lorg/junit/jupiter/engine/execution/JupiterEngineExecutionContext;+35
j  org.junit.jupiter.engine.descriptor.DynamicTestTestDescriptor.execute(Lorg/junit/platform/engine/support/hierarchical/EngineExecutionContext;Lorg/junit/platform/engine/support/hierarchical/Node$DynamicTestExecutor;)Lorg/junit/platform/engine/support/hierarchical/EngineExecutionContext;+6
j  org.junit.platform.engine.support.hierarchical.NodeTestTask.lambda$executeRecursively$5()V+79
j  org.junit.platform.engine.support.hierarchical.NodeTestTask$$Lambda$214.execute()V+4
J 2210 c1 org.junit.platform.engine.support.hierarchical.ThrowableCollector.execute(Lorg/junit/platform/engine/support/hierarchical/ThrowableCollector$Executable;)V (20 bytes) @ 0x000001d63a399534 [0x000001d63a399420+0x0000000000000114]
j  org.junit.platform.engine.support.hierarchical.NodeTestTask.lambda$executeRecursively$7(Lorg/junit/platform/engine/support/hierarchical/EngineExecutionContext;)V+15
j  org.junit.platform.engine.support.hierarchical.NodeTestTask$$Lambda$213.invoke(Lorg/junit/platform/engine/support/hierarchical/EngineExecutionContext;)V+5
j  org.junit.platform.engine.support.hierarchical.Node.around(Lorg/junit/platform/engine/support/hierarchical/EngineExecutionContext;Lorg/junit/platform/engine/support/hierarchical/Node$Invocation;)V+2
j  org.junit.platform.engine.support.hierarchical.NodeTestTask.lambda$executeRecursively$8()V+14
j  org.junit.platform.engine.support.hierarchical.NodeTestTask$$Lambda$212.execute()V+4
J 2210 c1 org.junit.platform.engine.support.hierarchical.ThrowableCollector.execute(Lorg/junit/platform/engine/support/hierarchical/ThrowableCollector$Executable;)V (20 bytes) @ 0x000001d63a399534 [0x000001d63a399420+0x0000000000000114]
j  org.junit.platform.engine.support.hierarchical.NodeTestTask.executeRecursively()V+31
j  org.junit.platform.engine.support.hierarchical.NodeTestTask.execute()V+55
j  org.junit.platform.engine.support.hierarchical.SameThreadHierarchicalTestExecutorService.submit(Lorg/junit/platform/engine/support/hierarchical/HierarchicalTestExecutorService$TestTask;)Ljava/util/concurrent/Future;+1
j  org.junit.platform.engine.support.hierarchical.NodeTestTask$DefaultDynamicTestExecutor.execute(Lorg/junit/platform/engine/TestDescriptor;)V+143
j  org.junit.jupiter.engine.descriptor.TestFactoryTestDescriptor$$Lambda$360.accept(Ljava/lang/Object;)V+11
j  java.util.Optional.ifPresent(Ljava/util/function/Consumer;)V+12 java.base@11.0.4
j  org.junit.jupiter.engine.descriptor.TestFactoryTestDescriptor.lambda$invokeTestMethod$1(Lorg/junit/jupiter/api/extension/ExtensionContext;Lorg/junit/jupiter/engine/execution/JupiterEngineExecutionContext;Lorg/junit/platform/engine/support/hierarchical/Node$DynamicTestExecutor;)V+125
j  org.junit.jupiter.engine.descriptor.TestFactoryTestDescriptor$$Lambda$344.execute()V+16
j  org.junit.platform.engine.support.hierarchical.ThrowableCollector.execute(Lorg/junit/platform/engine/support/hierarchical/ThrowableCollector$Executable;)V+1
j  org.junit.jupiter.engine.descriptor.TestFactoryTestDescriptor.invokeTestMethod(Lorg/junit/jupiter/engine/execution/JupiterEngineExecutionContext;Lorg/junit/platform/engine/support/hierarchical/Node$DynamicTestExecutor;)V+18
j  org.junit.jupiter.engine.descriptor.TestMethodTestDescriptor.execute(Lorg/junit/jupiter/engine/execution/JupiterEngineExecutionContext;Lorg/junit/platform/engine/support/hierarchical/Node$DynamicTestExecutor;)Lorg/junit/jupiter/engine/execution/JupiterEngineExecutionContext;+44
j  org.junit.jupiter.engine.descriptor.TestMethodTestDescriptor.execute(Lorg/junit/platform/engine/support/hierarchical/EngineExecutionContext;Lorg/junit/platform/engine/support/hierarchical/Node$DynamicTestExecutor;)Lorg/junit/platform/engine/support/hierarchical/EngineExecutionContext;+6
j  org.junit.platform.engine.support.hierarchical.NodeTestTask.lambda$executeRecursively$5()V+79
j  org.junit.platform.engine.support.hierarchical.NodeTestTask$$Lambda$214.execute()V+4
j  org.junit.platform.engine.support.hierarchical.ThrowableCollector.execute(Lorg/junit/platform/engine/support/hierarchical/ThrowableCollector$Executable;)V+1
j  org.junit.platform.engine.support.hierarchical.NodeTestTask.lambda$executeRecursively$7(Lorg/junit/platform/engine/support/hierarchical/EngineExecutionContext;)V+15
j  org.junit.platform.engine.support.hierarchical.NodeTestTask$$Lambda$213.invoke(Lorg/junit/platform/engine/support/hierarchical/EngineExecutionContext;)V+5
j  org.junit.platform.engine.support.hierarchical.Node.around(Lorg/junit/platform/engine/support/hierarchical/EngineExecutionContext;Lorg/junit/platform/engine/support/hierarchical/Node$Invocation;)V+2
j  org.junit.platform.engine.support.hierarchical.NodeTestTask.lambda$executeRecursively$8()V+14
j  org.junit.platform.engine.support.hierarchical.NodeTestTask$$Lambda$212.execute()V+4
j  org.junit.platform.engine.support.hierarchical.ThrowableCollector.execute(Lorg/junit/platform/engine/support/hierarchical/ThrowableCollector$Executable;)V+1
j  org.junit.platform.engine.support.hierarchical.NodeTestTask.executeRecursively()V+31
j  org.junit.platform.engine.support.hierarchical.NodeTestTask.execute()V+55
j  org.junit.platform.engine.support.hierarchical.SameThreadHierarchicalTestExecutorService$$Lambda$218.accept(Ljava/lang/Object;)V+4
j  java.util.ArrayList.forEach(Ljava/util/function/Consumer;)V+46 java.base@11.0.4
j  org.junit.platform.engine.support.hierarchical.SameThreadHierarchicalTestExecutorService.invokeAll(Ljava/util/List;)V+6
j  org.junit.platform.engine.support.hierarchical.NodeTestTask.lambda$executeRecursively$5()V+116
j  org.junit.platform.engine.support.hierarchical.NodeTestTask$$Lambda$214.execute()V+4
j  org.junit.platform.engine.support.hierarchical.ThrowableCollector.execute(Lorg/junit/platform/engine/support/hierarchical/ThrowableCollector$Executable;)V+1
j  org.junit.platform.engine.support.hierarchical.NodeTestTask.lambda$executeRecursively$7(Lorg/junit/platform/engine/support/hierarchical/EngineExecutionContext;)V+15
j  org.junit.platform.engine.support.hierarchical.NodeTestTask$$Lambda$213.invoke(Lorg/junit/platform/engine/support/hierarchical/EngineExecutionContext;)V+5
j  org.junit.platform.engine.support.hierarchical.Node.around(Lorg/junit/platform/engine/support/hierarchical/EngineExecutionContext;Lorg/junit/platform/engine/support/hierarchical/Node$Invocation;)V+2
j  org.junit.platform.engine.support.hierarchical.NodeTestTask.lambda$executeRecursively$8()V+14
j  org.junit.platform.engine.support.hierarchical.NodeTestTask$$Lambda$212.execute()V+4
j  org.junit.platform.engine.support.hierarchical.ThrowableCollector.execute(Lorg/junit/platform/engine/support/hierarchical/ThrowableCollector$Executable;)V+1
j  org.junit.platform.engine.support.hierarchical.NodeTestTask.executeRecursively()V+31
j  org.junit.platform.engine.support.hierarchical.NodeTestTask.execute()V+55
j  org.junit.platform.engine.support.hierarchical.SameThreadHierarchicalTestExecutorService$$Lambda$218.accept(Ljava/lang/Object;)V+4
j  java.util.ArrayList.forEach(Ljava/util/function/Consumer;)V+46 java.base@11.0.4
j  org.junit.platform.engine.support.hierarchical.SameThreadHierarchicalTestExecutorService.invokeAll(Ljava/util/List;)V+6
j  org.junit.platform.engine.support.hierarchical.NodeTestTask.lambda$executeRecursively$5()V+116
j  org.junit.platform.engine.support.hierarchical.NodeTestTask$$Lambda$214.execute()V+4
j  org.junit.platform.engine.support.hierarchical.ThrowableCollector.execute(Lorg/junit/platform/engine/support/hierarchical/ThrowableCollector$Executable;)V+1
j  org.junit.platform.engine.support.hierarchical.NodeTestTask.lambda$executeRecursively$7(Lorg/junit/platform/engine/support/hierarchical/EngineExecutionContext;)V+15
j  org.junit.platform.engine.support.hierarchical.NodeTestTask$$Lambda$213.invoke(Lorg/junit/platform/engine/support/hierarchical/EngineExecutionContext;)V+5
j  org.junit.platform.engine.support.hierarchical.Node.around(Lorg/junit/platform/engine/support/hierarchical/EngineExecutionContext;Lorg/junit/platform/engine/support/hierarchical/Node$Invocation;)V+2
j  org.junit.platform.engine.support.hierarchical.NodeTestTask.lambda$executeRecursively$8()V+14
j  org.junit.platform.engine.support.hierarchical.NodeTestTask$$Lambda$212.execute()V+4
j  org.junit.platform.engine.support.hierarchical.ThrowableCollector.execute(Lorg/junit/platform/engine/support/hierarchical/ThrowableCollector$Executable;)V+1
j  org.junit.platform.engine.support.hierarchical.NodeTestTask.executeRecursively()V+31
j  org.junit.platform.engine.support.hierarchical.NodeTestTask.execute()V+55
j  org.junit.platform.engine.support.hierarchical.SameThreadHierarchicalTestExecutorService.submit(Lorg/junit/platform/engine/support/hierarchical/HierarchicalTestExecutorService$TestTask;)Ljava/util/concurrent/Future;+1
j  org.junit.platform.engine.support.hierarchical.HierarchicalTestExecutor.execute()Ljava/util/concurrent/Future;+74
j  org.junit.platform.engine.support.hierarchical.HierarchicalTestEngine.execute(Lorg/junit/platform/engine/ExecutionRequest;)V+31
j  org.junit.platform.launcher.core.DefaultLauncher.execute(Lorg/junit/platform/engine/TestEngine;Lorg/junit/platform/engine/ExecutionRequest;)V+2
j  org.junit.platform.launcher.core.DefaultLauncher.lambda$execute$6(Lorg/junit/platform/launcher/core/InternalTestPlan;Lorg/junit/platform/launcher/core/Root;Lorg/junit/platform/engine/ConfigurationParameters;Lorg/junit/platform/launcher/TestExecutionListener;)V+76
j  org.junit.platform.launcher.core.DefaultLauncher$$Lambda$179.accept(Ljava/lang/Object;)V+20
j  org.junit.platform.launcher.core.DefaultLauncher.withInterceptedStreams(Lorg/junit/platform/engine/ConfigurationParameters;Lorg/junit/platform/launcher/core/TestExecutionListenerRegistry;Ljava/util/function/Consumer;)V+43
j  org.junit.platform.launcher.core.DefaultLauncher.execute(Lorg/junit/platform/launcher/core/InternalTestPlan;[Lorg/junit/platform/launcher/TestExecutionListener;)V+33
j  org.junit.platform.launcher.core.DefaultLauncher.execute(Lorg/junit/platform/launcher/TestPlan;[Lorg/junit/platform/launcher/TestExecutionListener;)V+36
j  org.eclipse.jdt.internal.junit5.runner.JUnit5TestReference.run(Lorg/eclipse/jdt/internal/junit/runner/TestExecution;)V+30
j  org.eclipse.jdt.internal.junit.runner.TestExecution.run([Lorg/eclipse/jdt/internal/junit/runner/ITestReference;)V+17
j  org.eclipse.jdt.internal.junit.runner.RemoteTestRunner.runTests([Ljava/lang/String;Ljava/lang/String;Lorg/eclipse/jdt/internal/junit/runner/TestExecution;)V+62
j  org.eclipse.jdt.internal.junit.runner.RemoteTestRunner.runTests(Lorg/eclipse/jdt/internal/junit/runner/TestExecution;)V+10
j  org.eclipse.jdt.internal.junit.runner.RemoteTestRunner.run()V+70
j  org.eclipse.jdt.internal.junit.runner.RemoteTestRunner.main([Ljava/lang/String;)V+14
v  ~StubRoutines::call_stub

---------------  P R O C E S S  ---------------

Threads class SMR info:
_java_thread_list=0x000001d656847720, length=11, elements={
0x000001d631617800, 0x000001d654f22800, 0x000001d654f2d800, 0x000001d655838800,
0x000001d655839000, 0x000001d65583c000, 0x000001d655846800, 0x000001d655847800,
0x000001d65599f800, 0x000001d6559a1000, 0x000001d655e23000
}

Java Threads: ( => current thread )
=>0x000001d631617800 JavaThread "main" [_thread_in_vm, id=15752, stack(0x000000899fa00000,0x000000899fb00000)]
  0x000001d654f22800 JavaThread "Reference Handler" daemon [_thread_blocked, id=19720, stack(0x00000089a0100000,0x00000089a0200000)]
  0x000001d654f2d800 JavaThread "Finalizer" daemon [_thread_blocked, id=28208, stack(0x00000089a0200000,0x00000089a0300000)]
  0x000001d655838800 JavaThread "Signal Dispatcher" daemon [_thread_blocked, id=26680, stack(0x00000089a0300000,0x00000089a0400000)]
  0x000001d655839000 JavaThread "Attach Listener" daemon [_thread_blocked, id=21524, stack(0x00000089a0400000,0x00000089a0500000)]
  0x000001d65583c000 JavaThread "C2 CompilerThread0" daemon [_thread_in_native, id=15620, stack(0x00000089a0500000,0x00000089a0600000)]
  0x000001d655846800 JavaThread "C1 CompilerThread0" daemon [_thread_blocked, id=17636, stack(0x00000089a0600000,0x00000089a0700000)]
  0x000001d655847800 JavaThread "Sweeper thread" daemon [_thread_blocked, id=18016, stack(0x00000089a0700000,0x00000089a0800000)]
  0x000001d65599f800 JavaThread "Service Thread" daemon [_thread_blocked, id=9328, stack(0x00000089a0800000,0x00000089a0900000)]
  0x000001d6559a1000 JavaThread "Common-Cleaner" daemon [_thread_blocked, id=12316, stack(0x00000089a0a00000,0x00000089a0b00000)]
  0x000001d655e23000 JavaThread "ReaderThread" [_thread_in_native, id=15928, stack(0x00000089a0b00000,0x00000089a0c00000)]

Other Threads:
  0x000001d654f20800 VMThread "VM Thread" [stack: 0x00000089a0000000,0x00000089a0100000] [id=30336]
  0x000001d6559a0000 WatcherThread [stack: 0x00000089a0900000,0x00000089a0a00000] [id=28200]
  0x000001d63162e800 GCTaskThread "GC Thread#0" [stack: 0x000000899fb00000,0x000000899fc00000] [id=28124]
  0x000001d656699800 GCTaskThread "GC Thread#1" [stack: 0x00000089a0c00000,0x00000089a0d00000] [id=22560]
  0x000001d65669a000 GCTaskThread "GC Thread#2" [stack: 0x00000089a0d00000,0x00000089a0e00000] [id=7816]
  0x000001d65669b000 GCTaskThread "GC Thread#3" [stack: 0x00000089a0e00000,0x00000089a0f00000] [id=18932]
  0x000001d65636c000 GCTaskThread "GC Thread#4" [stack: 0x00000089a0f00000,0x00000089a1000000] [id=10576]
  0x000001d65636c800 GCTaskThread "GC Thread#5" [stack: 0x00000089a1000000,0x00000089a1100000] [id=27780]
  0x000001d63168e000 ConcurrentGCThread "G1 Main Marker" [stack: 0x000000899fc00000,0x000000899fd00000] [id=29028]
  0x000001d63168f000 ConcurrentGCThread "G1 Conc#0" [stack: 0x000000899fd00000,0x000000899fe00000] [id=7704]
  0x000001d654e0d800 ConcurrentGCThread "G1 Refine#0" [stack: 0x000000899fe00000,0x000000899ff00000] [id=26060]
  0x000001d658290800 ConcurrentGCThread "G1 Refine#1" [stack: 0x00000089a1100000,0x00000089a1200000] [id=21032]
  0x000001d656925800 ConcurrentGCThread "G1 Refine#2" [stack: 0x00000089a1200000,0x00000089a1300000] [id=19328]
  0x000001d6570f7000 ConcurrentGCThread "G1 Refine#3" [stack: 0x00000089a1300000,0x00000089a1400000] [id=21840]
  0x000001d6570df800 ConcurrentGCThread "G1 Refine#4" [stack: 0x00000089a1400000,0x00000089a1500000] [id=25636]
  0x000001d655ef1800 ConcurrentGCThread "G1 Refine#5" [stack: 0x00000089a1500000,0x00000089a1600000] [id=21192]
  0x000001d655ef2000 ConcurrentGCThread "G1 Refine#6" [stack: 0x00000089a1600000,0x00000089a1700000] [id=20756]
  0x000001d6566c2800 ConcurrentGCThread "G1 Refine#7" [stack: 0x00000089a1700000,0x00000089a1800000] [id=2176]
  0x000001d654e10000 ConcurrentGCThread "G1 Young RemSet Sampling" [stack: 0x000000899ff00000,0x00000089a0000000] [id=15460]

Threads with active compile tasks:
C2 CompilerThread02763       4       sun.nio.cs.SingleByte$Encoder::encodeArrayLoop (233 bytes)

VM state:synchronizing (normal execution)

VM Mutex/Monitor currently owned by a thread:  ([mutex/lock_event])
[0x000001d631615ca0] Threads_lock - owner thread: 0x000001d654f20800

Heap address: 0x0000000701c00000, size: 4068 MB, Compressed Oops mode: Zero based, Oop shift amount: 3
Narrow klass base: 0x0000000800000000, Narrow klass shift: 0
Compressed class space size: 1073741824 Address: 0x0000000800000000

Heap:
 garbage-first heap   total 262144K, used 174013K [0x0000000701c00000, 0x0000000800000000)
  region size 1024K, 109 young (111616K), 15 survivors (15360K)
 Metaspace       used 19628K, capacity 20473K, committed 20608K, reserved 1067008K
  class space    used 2060K, capacity 2385K, committed 2432K, reserved 1048576K
Heap Regions: E=young(eden), S=young(survivor), O=old, HS=humongous(starts), HC=humongous(continues), CS=collection set, F=free, A=archive, TAMS=top-at-mark-start (previous, next)
|   0|0x0000000701c00000, 0x0000000701d00000, 0x0000000701d00000|100%| O|  |TAMS 0x0000000701c00000, 0x0000000701c00000| Untracked 
|   1|0x0000000701d00000, 0x0000000701e00000, 0x0000000701e00000|100%| O|  |TAMS 0x0000000701d00000, 0x0000000701d00000| Untracked 
|   2|0x0000000701e00000, 0x0000000701f00000, 0x0000000701f00000|100%| O|  |TAMS 0x0000000701e00000, 0x0000000701e00000| Untracked 
|   3|0x0000000701f00000, 0x0000000702000000, 0x0000000702000000|100%| O|  |TAMS 0x0000000701f00000, 0x0000000701f00000| Untracked 
|   4|0x0000000702000000, 0x0000000702100000, 0x0000000702100000|100%|HS|  |TAMS 0x0000000702000000, 0x0000000702000000| Complete 
|   5|0x0000000702100000, 0x0000000702200000, 0x0000000702200000|100%|HS|  |TAMS 0x0000000702100000, 0x0000000702100000| Complete 
|   6|0x0000000702200000, 0x0000000702300000, 0x0000000702300000|100%|HC|  |TAMS 0x0000000702200000, 0x0000000702200000| Complete 
|   7|0x0000000702300000, 0x0000000702400000, 0x0000000702400000|100%| O|  |TAMS 0x0000000702300000, 0x0000000702300000| Untracked 
|   8|0x0000000702400000, 0x0000000702500000, 0x0000000702500000|100%| O|  |TAMS 0x0000000702400000, 0x0000000702400000| Untracked 
|   9|0x0000000702500000, 0x0000000702600000, 0x0000000702600000|100%| O|  |TAMS 0x0000000702500000, 0x0000000702500000| Untracked 
|  10|0x0000000702600000, 0x0000000702700000, 0x0000000702700000|100%| O|  |TAMS 0x0000000702600000, 0x0000000702600000| Untracked 
|  11|0x0000000702700000, 0x0000000702800000, 0x0000000702800000|100%| O|  |TAMS 0x0000000702700000, 0x0000000702700000| Untracked 
|  12|0x0000000702800000, 0x0000000702900000, 0x0000000702900000|100%| O|  |TAMS 0x0000000702800000, 0x0000000702800000| Untracked 
|  13|0x0000000702900000, 0x0000000702a00000, 0x0000000702a00000|100%| O|  |TAMS 0x0000000702900000, 0x0000000702900000| Untracked 
|  14|0x0000000702a00000, 0x0000000702b00000, 0x0000000702b00000|100%| O|  |TAMS 0x0000000702a00000, 0x0000000702a00000| Untracked 
|  15|0x0000000702b00000, 0x0000000702c00000, 0x0000000702c00000|100%| O|  |TAMS 0x0000000702b00000, 0x0000000702b00000| Untracked 
|  16|0x0000000702c00000, 0x0000000702d00000, 0x0000000702d00000|100%| O|  |TAMS 0x0000000702c00000, 0x0000000702c00000| Untracked 
|  17|0x0000000702d00000, 0x0000000702e00000, 0x0000000702e00000|100%| O|  |TAMS 0x0000000702d00000, 0x0000000702d00000| Untracked 
|  18|0x0000000702e00000, 0x0000000702f00000, 0x0000000702f00000|100%| O|  |TAMS 0x0000000702e00000, 0x0000000702e00000| Untracked 
|  19|0x0000000702f00000, 0x0000000703000000, 0x0000000703000000|100%| O|  |TAMS 0x0000000702f00000, 0x0000000702f00000| Untracked 
|  20|0x0000000703000000, 0x0000000703100000, 0x0000000703100000|100%| O|  |TAMS 0x0000000703000000, 0x0000000703000000| Untracked 
|  21|0x0000000703100000, 0x0000000703200000, 0x0000000703200000|100%| O|  |TAMS 0x0000000703100000, 0x0000000703100000| Untracked 
|  22|0x0000000703200000, 0x0000000703300000, 0x0000000703300000|100%| O|  |TAMS 0x0000000703200000, 0x0000000703200000| Untracked 
|  23|0x0000000703300000, 0x0000000703400000, 0x0000000703400000|100%| O|  |TAMS 0x0000000703300000, 0x0000000703300000| Untracked 
|  24|0x0000000703400000, 0x0000000703500000, 0x0000000703500000|100%| O|  |TAMS 0x0000000703400000, 0x0000000703400000| Untracked 
|  25|0x0000000703500000, 0x0000000703600000, 0x0000000703600000|100%| O|  |TAMS 0x0000000703500000, 0x0000000703500000| Untracked 
|  26|0x0000000703600000, 0x0000000703700000, 0x0000000703700000|100%| O|  |TAMS 0x0000000703600000, 0x0000000703600000| Untracked 
|  27|0x0000000703700000, 0x0000000703800000, 0x0000000703800000|100%| O|  |TAMS 0x0000000703700000, 0x0000000703700000| Untracked 
|  28|0x0000000703800000, 0x0000000703900000, 0x0000000703900000|100%| O|  |TAMS 0x0000000703800000, 0x0000000703800000| Untracked 
|  29|0x0000000703900000, 0x0000000703a00000, 0x0000000703a00000|100%| O|  |TAMS 0x0000000703900000, 0x0000000703900000| Untracked 
|  30|0x0000000703a00000, 0x0000000703b00000, 0x0000000703b00000|100%| O|  |TAMS 0x0000000703a00000, 0x0000000703a00000| Untracked 
|  31|0x0000000703b00000, 0x0000000703c00000, 0x0000000703c00000|100%| O|  |TAMS 0x0000000703b00000, 0x0000000703b00000| Untracked 
|  32|0x0000000703c00000, 0x0000000703d00000, 0x0000000703d00000|100%| O|  |TAMS 0x0000000703c00000, 0x0000000703c00000| Untracked 
|  33|0x0000000703d00000, 0x0000000703e00000, 0x0000000703e00000|100%| O|  |TAMS 0x0000000703d00000, 0x0000000703d00000| Untracked 
|  34|0x0000000703e00000, 0x0000000703f00000, 0x0000000703f00000|100%|HS|  |TAMS 0x0000000703e00000, 0x0000000703e00000| Complete 
|  35|0x0000000703f00000, 0x0000000704000000, 0x0000000704000000|100%|HC|  |TAMS 0x0000000703f00000, 0x0000000703f00000| Complete 
|  36|0x0000000704000000, 0x0000000704100000, 0x0000000704100000|100%|HC|  |TAMS 0x0000000704000000, 0x0000000704000000| Complete 
|  37|0x0000000704100000, 0x0000000704200000, 0x0000000704200000|100%| O|  |TAMS 0x0000000704100000, 0x0000000704100000| Untracked 
|  38|0x0000000704200000, 0x0000000704300000, 0x0000000704300000|100%| O|  |TAMS 0x0000000704200000, 0x0000000704200000| Untracked 
|  39|0x0000000704300000, 0x0000000704400000, 0x0000000704400000|100%|HS|  |TAMS 0x0000000704300000, 0x0000000704300000| Complete 
|  40|0x0000000704400000, 0x0000000704500000, 0x0000000704500000|100%|HC|  |TAMS 0x0000000704400000, 0x0000000704400000| Complete 
|  41|0x0000000704500000, 0x0000000704600000, 0x0000000704600000|100%|HC|  |TAMS 0x0000000704500000, 0x0000000704500000| Complete 
|  42|0x0000000704600000, 0x0000000704700000, 0x0000000704700000|100%|HC|  |TAMS 0x0000000704600000, 0x0000000704600000| Complete 
|  43|0x0000000704700000, 0x0000000704800000, 0x0000000704800000|100%|HC|  |TAMS 0x0000000704700000, 0x0000000704700000| Complete 
|  44|0x0000000704800000, 0x0000000704900000, 0x0000000704900000|100%| O|  |TAMS 0x0000000704800000, 0x0000000704800000| Untracked 
|  45|0x0000000704900000, 0x0000000704a00000, 0x0000000704a00000|100%| O|  |TAMS 0x0000000704900000, 0x0000000704900000| Untracked 
|  46|0x0000000704a00000, 0x0000000704b00000, 0x0000000704b00000|100%| O|  |TAMS 0x0000000704a00000, 0x0000000704a00000| Untracked 
|  47|0x0000000704b00000, 0x0000000704c00000, 0x0000000704c00000|100%| O|  |TAMS 0x0000000704b00000, 0x0000000704b00000| Untracked 
|  48|0x0000000704c00000, 0x0000000704d00000, 0x0000000704d00000|100%| O|  |TAMS 0x0000000704c00000, 0x0000000704c00000| Untracked 
|  49|0x0000000704d00000, 0x0000000704e00000, 0x0000000704e00000|100%| O|  |TAMS 0x0000000704d00000, 0x0000000704d00000| Untracked 
|  50|0x0000000704e00000, 0x0000000704f00000, 0x0000000704f00000|100%|HS|  |TAMS 0x0000000704e00000, 0x0000000704e00000| Complete 
|  51|0x0000000704f00000, 0x0000000705000000, 0x0000000705000000|100%|HC|  |TAMS 0x0000000704f00000, 0x0000000704f00000| Complete 
|  52|0x0000000705000000, 0x0000000705100000, 0x0000000705100000|100%|HC|  |TAMS 0x0000000705000000, 0x0000000705000000| Complete 
|  53|0x0000000705100000, 0x0000000705200000, 0x0000000705200000|100%|HC|  |TAMS 0x0000000705100000, 0x0000000705100000| Complete 
|  54|0x0000000705200000, 0x0000000705300000, 0x0000000705300000|100%|HC|  |TAMS 0x0000000705200000, 0x0000000705200000| Complete 
|  55|0x0000000705300000, 0x0000000705400000, 0x0000000705400000|100%|HC|  |TAMS 0x0000000705300000, 0x0000000705300000| Complete 
|  56|0x0000000705400000, 0x0000000705500000, 0x0000000705500000|100%|HC|  |TAMS 0x0000000705400000, 0x0000000705400000| Complete 
|  57|0x0000000705500000, 0x0000000705600000, 0x0000000705600000|100%|HC|  |TAMS 0x0000000705500000, 0x0000000705500000| Complete 
|  58|0x0000000705600000, 0x0000000705700000, 0x0000000705700000|100%|HC|  |TAMS 0x0000000705600000, 0x0000000705600000| Complete 
|  59|0x0000000705700000, 0x0000000705800000, 0x0000000705800000|100%|HC|  |TAMS 0x0000000705700000, 0x0000000705700000| Complete 
|  60|0x0000000705800000, 0x0000000705900000, 0x0000000705900000|100%| O|  |TAMS 0x0000000705800000, 0x0000000705800000| Untracked 
|  61|0x0000000705900000, 0x00000007059ef600, 0x0000000705a00000| 93%| O|  |TAMS 0x0000000705900000, 0x0000000705900000| Untracked 
|  62|0x0000000705a00000, 0x0000000705a00000, 0x0000000705b00000|  0%| F|  |TAMS 0x0000000705a00000, 0x0000000705a00000| Untracked 
|  63|0x0000000705b00000, 0x0000000705b00000, 0x0000000705c00000|  0%| F|  |TAMS 0x0000000705b00000, 0x0000000705b00000| Untracked 
|  64|0x0000000705c00000, 0x0000000705c00000, 0x0000000705d00000|  0%| F|  |TAMS 0x0000000705c00000, 0x0000000705c00000| Untracked 
|  65|0x0000000705d00000, 0x0000000705d00000, 0x0000000705e00000|  0%| F|  |TAMS 0x0000000705d00000, 0x0000000705d00000| Untracked 
|  66|0x0000000705e00000, 0x0000000705e00000, 0x0000000705f00000|  0%| F|  |TAMS 0x0000000705e00000, 0x0000000705e00000| Untracked 
|  67|0x0000000705f00000, 0x0000000705f00000, 0x0000000706000000|  0%| F|  |TAMS 0x0000000705f00000, 0x0000000705f00000| Untracked 
|  68|0x0000000706000000, 0x0000000706000000, 0x0000000706100000|  0%| F|  |TAMS 0x0000000706000000, 0x0000000706000000| Untracked 
|  69|0x0000000706100000, 0x0000000706100000, 0x0000000706200000|  0%| F|  |TAMS 0x0000000706100000, 0x0000000706100000| Untracked 
|  70|0x0000000706200000, 0x0000000706200000, 0x0000000706300000|  0%| F|  |TAMS 0x0000000706200000, 0x0000000706200000| Untracked 
|  71|0x0000000706300000, 0x0000000706300000, 0x0000000706400000|  0%| F|  |TAMS 0x0000000706300000, 0x0000000706300000| Untracked 
|  72|0x0000000706400000, 0x0000000706400000, 0x0000000706500000|  0%| F|  |TAMS 0x0000000706400000, 0x0000000706400000| Untracked 
|  73|0x0000000706500000, 0x0000000706500000, 0x0000000706600000|  0%| F|  |TAMS 0x0000000706500000, 0x0000000706500000| Untracked 
|  74|0x0000000706600000, 0x0000000706600000, 0x0000000706700000|  0%| F|  |TAMS 0x0000000706600000, 0x0000000706600000| Untracked 
|  75|0x0000000706700000, 0x0000000706700000, 0x0000000706800000|  0%| F|  |TAMS 0x0000000706700000, 0x0000000706700000| Untracked 
|  76|0x0000000706800000, 0x0000000706800000, 0x0000000706900000|  0%| F|  |TAMS 0x0000000706800000, 0x0000000706800000| Untracked 
|  77|0x0000000706900000, 0x0000000706900000, 0x0000000706a00000|  0%| F|  |TAMS 0x0000000706900000, 0x0000000706900000| Untracked 
|  78|0x0000000706a00000, 0x0000000706a00000, 0x0000000706b00000|  0%| F|  |TAMS 0x0000000706a00000, 0x0000000706a00000| Untracked 
|  79|0x0000000706b00000, 0x0000000706b00000, 0x0000000706c00000|  0%| F|  |TAMS 0x0000000706b00000, 0x0000000706b00000| Untracked 
|  80|0x0000000706c00000, 0x0000000706c00000, 0x0000000706d00000|  0%| F|  |TAMS 0x0000000706c00000, 0x0000000706c00000| Untracked 
|  81|0x0000000706d00000, 0x0000000706d00000, 0x0000000706e00000|  0%| F|  |TAMS 0x0000000706d00000, 0x0000000706d00000| Untracked 
|  82|0x0000000706e00000, 0x0000000706e00000, 0x0000000706f00000|  0%| F|  |TAMS 0x0000000706e00000, 0x0000000706e00000| Untracked 
|  83|0x0000000706f00000, 0x0000000706f00000, 0x0000000707000000|  0%| F|  |TAMS 0x0000000706f00000, 0x0000000706f00000| Untracked 
|  84|0x0000000707000000, 0x0000000707000000, 0x0000000707100000|  0%| F|  |TAMS 0x0000000707000000, 0x0000000707000000| Untracked 
|  85|0x0000000707100000, 0x0000000707100000, 0x0000000707200000|  0%| F|  |TAMS 0x0000000707100000, 0x0000000707100000| Untracked 
|  86|0x0000000707200000, 0x0000000707200000, 0x0000000707300000|  0%| F|  |TAMS 0x0000000707200000, 0x0000000707200000| Untracked 
|  87|0x0000000707300000, 0x0000000707300000, 0x0000000707400000|  0%| F|  |TAMS 0x0000000707300000, 0x0000000707300000| Untracked 
|  88|0x0000000707400000, 0x0000000707400000, 0x0000000707500000|  0%| F|  |TAMS 0x0000000707400000, 0x0000000707400000| Untracked 
|  89|0x0000000707500000, 0x0000000707500000, 0x0000000707600000|  0%| F|  |TAMS 0x0000000707500000, 0x0000000707500000| Untracked 
|  90|0x0000000707600000, 0x0000000707600000, 0x0000000707700000|  0%| F|  |TAMS 0x0000000707600000, 0x0000000707600000| Untracked 
|  91|0x0000000707700000, 0x0000000707700000, 0x0000000707800000|  0%| F|  |TAMS 0x0000000707700000, 0x0000000707700000| Untracked 
|  92|0x0000000707800000, 0x0000000707800000, 0x0000000707900000|  0%| F|  |TAMS 0x0000000707800000, 0x0000000707800000| Untracked 
|  93|0x0000000707900000, 0x0000000707900000, 0x0000000707a00000|  0%| F|  |TAMS 0x0000000707900000, 0x0000000707900000| Untracked 
|  94|0x0000000707a00000, 0x0000000707a00000, 0x0000000707b00000|  0%| F|  |TAMS 0x0000000707a00000, 0x0000000707a00000| Untracked 
|  95|0x0000000707b00000, 0x0000000707b00000, 0x0000000707c00000|  0%| F|  |TAMS 0x0000000707b00000, 0x0000000707b00000| Untracked 
|  96|0x0000000707c00000, 0x0000000707c00000, 0x0000000707d00000|  0%| F|  |TAMS 0x0000000707c00000, 0x0000000707c00000| Untracked 
|  97|0x0000000707d00000, 0x0000000707d00000, 0x0000000707e00000|  0%| F|  |TAMS 0x0000000707d00000, 0x0000000707d00000| Untracked 
|  98|0x0000000707e00000, 0x0000000707e00000, 0x0000000707f00000|  0%| F|  |TAMS 0x0000000707e00000, 0x0000000707e00000| Untracked 
|  99|0x0000000707f00000, 0x0000000707f00000, 0x0000000708000000|  0%| F|  |TAMS 0x0000000707f00000, 0x0000000707f00000| Untracked 
| 100|0x0000000708000000, 0x0000000708000000, 0x0000000708100000|  0%| F|  |TAMS 0x0000000708000000, 0x0000000708000000| Untracked 
| 101|0x0000000708100000, 0x0000000708100000, 0x0000000708200000|  0%| F|  |TAMS 0x0000000708100000, 0x0000000708100000| Untracked 
| 102|0x0000000708200000, 0x0000000708200000, 0x0000000708300000|  0%| F|  |TAMS 0x0000000708200000, 0x0000000708200000| Untracked 
| 103|0x0000000708300000, 0x0000000708300000, 0x0000000708400000|  0%| F|  |TAMS 0x0000000708300000, 0x0000000708300000| Untracked 
| 104|0x0000000708400000, 0x0000000708400000, 0x0000000708500000|  0%| F|  |TAMS 0x0000000708400000, 0x0000000708400000| Untracked 
| 105|0x0000000708500000, 0x0000000708500000, 0x0000000708600000|  0%| F|  |TAMS 0x0000000708500000, 0x0000000708500000| Untracked 
| 106|0x0000000708600000, 0x0000000708600000, 0x0000000708700000|  0%| F|  |TAMS 0x0000000708600000, 0x0000000708600000| Untracked 
| 107|0x0000000708700000, 0x0000000708700000, 0x0000000708800000|  0%| F|  |TAMS 0x0000000708700000, 0x0000000708700000| Untracked 
| 108|0x0000000708800000, 0x0000000708800000, 0x0000000708900000|  0%| F|  |TAMS 0x0000000708800000, 0x0000000708800000| Untracked 
| 109|0x0000000708900000, 0x0000000708900000, 0x0000000708a00000|  0%| F|  |TAMS 0x0000000708900000, 0x0000000708900000| Untracked 
| 110|0x0000000708a00000, 0x0000000708a00000, 0x0000000708b00000|  0%| F|  |TAMS 0x0000000708a00000, 0x0000000708a00000| Untracked 
| 111|0x0000000708b00000, 0x0000000708b00000, 0x0000000708c00000|  0%| F|  |TAMS 0x0000000708b00000, 0x0000000708b00000| Untracked 
| 112|0x0000000708c00000, 0x0000000708c00000, 0x0000000708d00000|  0%| F|  |TAMS 0x0000000708c00000, 0x0000000708c00000| Untracked 
| 113|0x0000000708d00000, 0x0000000708d00000, 0x0000000708e00000|  0%| F|  |TAMS 0x0000000708d00000, 0x0000000708d00000| Untracked 
| 114|0x0000000708e00000, 0x0000000708e00000, 0x0000000708f00000|  0%| F|  |TAMS 0x0000000708e00000, 0x0000000708e00000| Untracked 
| 115|0x0000000708f00000, 0x0000000708f00000, 0x0000000709000000|  0%| F|  |TAMS 0x0000000708f00000, 0x0000000708f00000| Untracked 
| 116|0x0000000709000000, 0x0000000709000000, 0x0000000709100000|  0%| F|  |TAMS 0x0000000709000000, 0x0000000709000000| Untracked 
| 117|0x0000000709100000, 0x0000000709100000, 0x0000000709200000|  0%| F|  |TAMS 0x0000000709100000, 0x0000000709100000| Untracked 
| 118|0x0000000709200000, 0x0000000709200000, 0x0000000709300000|  0%| F|  |TAMS 0x0000000709200000, 0x0000000709200000| Untracked 
| 119|0x0000000709300000, 0x0000000709300000, 0x0000000709400000|  0%| F|  |TAMS 0x0000000709300000, 0x0000000709300000| Untracked 
| 120|0x0000000709400000, 0x0000000709400000, 0x0000000709500000|  0%| F|  |TAMS 0x0000000709400000, 0x0000000709400000| Untracked 
| 121|0x0000000709500000, 0x0000000709500000, 0x0000000709600000|  0%| F|  |TAMS 0x0000000709500000, 0x0000000709500000| Untracked 
| 122|0x0000000709600000, 0x0000000709600000, 0x0000000709700000|  0%| F|  |TAMS 0x0000000709600000, 0x0000000709600000| Untracked 
| 123|0x0000000709700000, 0x0000000709700000, 0x0000000709800000|  0%| F|  |TAMS 0x0000000709700000, 0x0000000709700000| Untracked 
| 124|0x0000000709800000, 0x0000000709800000, 0x0000000709900000|  0%| F|  |TAMS 0x0000000709800000, 0x0000000709800000| Untracked 
| 125|0x0000000709900000, 0x0000000709900000, 0x0000000709a00000|  0%| F|  |TAMS 0x0000000709900000, 0x0000000709900000| Untracked 
| 126|0x0000000709a00000, 0x0000000709a00000, 0x0000000709b00000|  0%| F|  |TAMS 0x0000000709a00000, 0x0000000709a00000| Untracked 
| 127|0x0000000709b00000, 0x0000000709b00000, 0x0000000709c00000|  0%| F|  |TAMS 0x0000000709b00000, 0x0000000709b00000| Untracked 
| 128|0x0000000709c00000, 0x0000000709d00000, 0x0000000709d00000|100%| S|CS|TAMS 0x0000000709c00000, 0x0000000709c00000| Complete 
| 129|0x0000000709d00000, 0x0000000709e00000, 0x0000000709e00000|100%| S|CS|TAMS 0x0000000709d00000, 0x0000000709d00000| Complete 
| 130|0x0000000709e00000, 0x0000000709f00000, 0x0000000709f00000|100%| S|CS|TAMS 0x0000000709e00000, 0x0000000709e00000| Complete 
| 131|0x0000000709f00000, 0x000000070a000000, 0x000000070a000000|100%| S|CS|TAMS 0x0000000709f00000, 0x0000000709f00000| Complete 
| 132|0x000000070a000000, 0x000000070a000000, 0x000000070a100000|  0%| F|  |TAMS 0x000000070a000000, 0x000000070a000000| Untracked 
| 133|0x000000070a100000, 0x000000070a100000, 0x000000070a200000|  0%| F|  |TAMS 0x000000070a100000, 0x000000070a100000| Untracked 
| 134|0x000000070a200000, 0x000000070a200000, 0x000000070a300000|  0%| F|  |TAMS 0x000000070a200000, 0x000000070a200000| Untracked 
| 135|0x000000070a300000, 0x000000070a400000, 0x000000070a400000|100%| S|CS|TAMS 0x000000070a300000, 0x000000070a300000| Complete 
| 136|0x000000070a400000, 0x000000070a500000, 0x000000070a500000|100%| S|CS|TAMS 0x000000070a400000, 0x000000070a400000| Complete 
| 137|0x000000070a500000, 0x000000070a600000, 0x000000070a600000|100%| S|CS|TAMS 0x000000070a500000, 0x000000070a500000| Complete 
| 138|0x000000070a600000, 0x000000070a700000, 0x000000070a700000|100%| S|CS|TAMS 0x000000070a600000, 0x000000070a600000| Complete 
| 139|0x000000070a700000, 0x000000070a800000, 0x000000070a800000|100%| S|CS|TAMS 0x000000070a700000, 0x000000070a700000| Complete 
| 140|0x000000070a800000, 0x000000070a900000, 0x000000070a900000|100%| S|CS|TAMS 0x000000070a800000, 0x000000070a800000| Complete 
| 141|0x000000070a900000, 0x000000070aa00000, 0x000000070aa00000|100%| S|CS|TAMS 0x000000070a900000, 0x000000070a900000| Complete 
| 142|0x000000070aa00000, 0x000000070ab00000, 0x000000070ab00000|100%| S|CS|TAMS 0x000000070aa00000, 0x000000070aa00000| Complete 
| 143|0x000000070ab00000, 0x000000070ac00000, 0x000000070ac00000|100%| S|CS|TAMS 0x000000070ab00000, 0x000000070ab00000| Complete 
| 144|0x000000070ac00000, 0x000000070ad00000, 0x000000070ad00000|100%| S|CS|TAMS 0x000000070ac00000, 0x000000070ac00000| Complete 
| 145|0x000000070ad00000, 0x000000070ae00000, 0x000000070ae00000|100%| S|CS|TAMS 0x000000070ad00000, 0x000000070ad00000| Complete 
| 146|0x000000070ae00000, 0x000000070ae00000, 0x000000070af00000|  0%| F|  |TAMS 0x000000070ae00000, 0x000000070ae00000| Untracked 
| 147|0x000000070af00000, 0x000000070af00000, 0x000000070b000000|  0%| F|  |TAMS 0x000000070af00000, 0x000000070af00000| Untracked 
| 148|0x000000070b000000, 0x000000070b000000, 0x000000070b100000|  0%| F|  |TAMS 0x000000070b000000, 0x000000070b000000| Untracked 
| 149|0x000000070b100000, 0x000000070b100000, 0x000000070b200000|  0%| F|  |TAMS 0x000000070b100000, 0x000000070b100000| Untracked 
| 150|0x000000070b200000, 0x000000070b200000, 0x000000070b300000|  0%| F|  |TAMS 0x000000070b200000, 0x000000070b200000| Untracked 
| 151|0x000000070b300000, 0x000000070b300000, 0x000000070b400000|  0%| F|  |TAMS 0x000000070b300000, 0x000000070b300000| Untracked 
| 152|0x000000070b400000, 0x000000070b400000, 0x000000070b500000|  0%| F|  |TAMS 0x000000070b400000, 0x000000070b400000| Untracked 
| 153|0x000000070b500000, 0x000000070b500000, 0x000000070b600000|  0%| F|  |TAMS 0x000000070b500000, 0x000000070b500000| Untracked 
| 154|0x000000070b600000, 0x000000070b600000, 0x000000070b700000|  0%| F|  |TAMS 0x000000070b600000, 0x000000070b600000| Untracked 
| 155|0x000000070b700000, 0x000000070b700000, 0x000000070b800000|  0%| F|  |TAMS 0x000000070b700000, 0x000000070b700000| Untracked 
| 156|0x000000070b800000, 0x000000070b800000, 0x000000070b900000|  0%| F|  |TAMS 0x000000070b800000, 0x000000070b800000| Untracked 
| 157|0x000000070b900000, 0x000000070b900000, 0x000000070ba00000|  0%| F|  |TAMS 0x000000070b900000, 0x000000070b900000| Untracked 
| 158|0x000000070ba00000, 0x000000070ba00000, 0x000000070bb00000|  0%| F|  |TAMS 0x000000070ba00000, 0x000000070ba00000| Untracked 
| 159|0x000000070bb00000, 0x000000070bb00000, 0x000000070bc00000|  0%| F|  |TAMS 0x000000070bb00000, 0x000000070bb00000| Untracked 
| 160|0x000000070bc00000, 0x000000070bc00000, 0x000000070bd00000|  0%| F|  |TAMS 0x000000070bc00000, 0x000000070bc00000| Untracked 
| 161|0x000000070bd00000, 0x000000070bd00000, 0x000000070be00000|  0%| F|  |TAMS 0x000000070bd00000, 0x000000070bd00000| Untracked 
| 162|0x000000070be00000, 0x000000070be80800, 0x000000070bf00000| 50%| E|  |TAMS 0x000000070be00000, 0x000000070be00000| Complete 
| 163|0x000000070bf00000, 0x000000070c000000, 0x000000070c000000|100%| E|CS|TAMS 0x000000070bf00000, 0x000000070bf00000| Complete 
| 164|0x000000070c000000, 0x000000070c100000, 0x000000070c100000|100%| E|CS|TAMS 0x000000070c000000, 0x000000070c000000| Complete 
| 165|0x000000070c100000, 0x000000070c200000, 0x000000070c200000|100%| E|CS|TAMS 0x000000070c100000, 0x000000070c100000| Complete 
| 166|0x000000070c200000, 0x000000070c300000, 0x000000070c300000|100%| E|CS|TAMS 0x000000070c200000, 0x000000070c200000| Complete 
| 167|0x000000070c300000, 0x000000070c400000, 0x000000070c400000|100%| E|CS|TAMS 0x000000070c300000, 0x000000070c300000| Complete 
| 168|0x000000070c400000, 0x000000070c500000, 0x000000070c500000|100%| E|CS|TAMS 0x000000070c400000, 0x000000070c400000| Complete 
| 169|0x000000070c500000, 0x000000070c600000, 0x000000070c600000|100%| E|CS|TAMS 0x000000070c500000, 0x000000070c500000| Complete 
| 170|0x000000070c600000, 0x000000070c700000, 0x000000070c700000|100%| E|CS|TAMS 0x000000070c600000, 0x000000070c600000| Complete 
| 171|0x000000070c700000, 0x000000070c800000, 0x000000070c800000|100%| E|CS|TAMS 0x000000070c700000, 0x000000070c700000| Complete 
| 172|0x000000070c800000, 0x000000070c900000, 0x000000070c900000|100%| E|CS|TAMS 0x000000070c800000, 0x000000070c800000| Complete 
| 173|0x000000070c900000, 0x000000070ca00000, 0x000000070ca00000|100%| E|CS|TAMS 0x000000070c900000, 0x000000070c900000| Complete 
| 174|0x000000070ca00000, 0x000000070cb00000, 0x000000070cb00000|100%| E|CS|TAMS 0x000000070ca00000, 0x000000070ca00000| Complete 
| 175|0x000000070cb00000, 0x000000070cc00000, 0x000000070cc00000|100%| E|CS|TAMS 0x000000070cb00000, 0x000000070cb00000| Complete 
| 176|0x000000070cc00000, 0x000000070cd00000, 0x000000070cd00000|100%| E|CS|TAMS 0x000000070cc00000, 0x000000070cc00000| Complete 
| 177|0x000000070cd00000, 0x000000070ce00000, 0x000000070ce00000|100%| E|CS|TAMS 0x000000070cd00000, 0x000000070cd00000| Complete 
| 178|0x000000070ce00000, 0x000000070cf00000, 0x000000070cf00000|100%| E|CS|TAMS 0x000000070ce00000, 0x000000070ce00000| Complete 
| 179|0x000000070cf00000, 0x000000070d000000, 0x000000070d000000|100%| E|CS|TAMS 0x000000070cf00000, 0x000000070cf00000| Complete 
| 180|0x000000070d000000, 0x000000070d100000, 0x000000070d100000|100%| E|CS|TAMS 0x000000070d000000, 0x000000070d000000| Complete 
| 181|0x000000070d100000, 0x000000070d200000, 0x000000070d200000|100%| E|CS|TAMS 0x000000070d100000, 0x000000070d100000| Complete 
| 182|0x000000070d200000, 0x000000070d300000, 0x000000070d300000|100%| E|CS|TAMS 0x000000070d200000, 0x000000070d200000| Complete 
| 183|0x000000070d300000, 0x000000070d400000, 0x000000070d400000|100%| E|CS|TAMS 0x000000070d300000, 0x000000070d300000| Complete 
| 184|0x000000070d400000, 0x000000070d500000, 0x000000070d500000|100%| E|CS|TAMS 0x000000070d400000, 0x000000070d400000| Complete 
| 185|0x000000070d500000, 0x000000070d600000, 0x000000070d600000|100%| E|CS|TAMS 0x000000070d500000, 0x000000070d500000| Complete 
| 186|0x000000070d600000, 0x000000070d700000, 0x000000070d700000|100%| E|CS|TAMS 0x000000070d600000, 0x000000070d600000| Complete 
| 187|0x000000070d700000, 0x000000070d800000, 0x000000070d800000|100%| E|CS|TAMS 0x000000070d700000, 0x000000070d700000| Complete 
| 188|0x000000070d800000, 0x000000070d900000, 0x000000070d900000|100%| E|CS|TAMS 0x000000070d800000, 0x000000070d800000| Complete 
| 189|0x000000070d900000, 0x000000070da00000, 0x000000070da00000|100%| E|CS|TAMS 0x000000070d900000, 0x000000070d900000| Complete 
| 190|0x000000070da00000, 0x000000070db00000, 0x000000070db00000|100%| E|CS|TAMS 0x000000070da00000, 0x000000070da00000| Complete 
| 191|0x000000070db00000, 0x000000070dc00000, 0x000000070dc00000|100%| E|CS|TAMS 0x000000070db00000, 0x000000070db00000| Complete 
| 192|0x000000070dc00000, 0x000000070dd00000, 0x000000070dd00000|100%| E|CS|TAMS 0x000000070dc00000, 0x000000070dc00000| Complete 
| 193|0x000000070dd00000, 0x000000070de00000, 0x000000070de00000|100%| E|CS|TAMS 0x000000070dd00000, 0x000000070dd00000| Complete 
| 194|0x000000070de00000, 0x000000070df00000, 0x000000070df00000|100%| E|CS|TAMS 0x000000070de00000, 0x000000070de00000| Complete 
| 195|0x000000070df00000, 0x000000070e000000, 0x000000070e000000|100%| E|CS|TAMS 0x000000070df00000, 0x000000070df00000| Complete 
| 196|0x000000070e000000, 0x000000070e100000, 0x000000070e100000|100%| E|CS|TAMS 0x000000070e000000, 0x000000070e000000| Complete 
| 197|0x000000070e100000, 0x000000070e200000, 0x000000070e200000|100%| E|CS|TAMS 0x000000070e100000, 0x000000070e100000| Complete 
| 198|0x000000070e200000, 0x000000070e300000, 0x000000070e300000|100%| E|CS|TAMS 0x000000070e200000, 0x000000070e200000| Complete 
| 199|0x000000070e300000, 0x000000070e400000, 0x000000070e400000|100%| E|CS|TAMS 0x000000070e300000, 0x000000070e300000| Complete 
| 200|0x000000070e400000, 0x000000070e500000, 0x000000070e500000|100%| E|CS|TAMS 0x000000070e400000, 0x000000070e400000| Complete 
| 201|0x000000070e500000, 0x000000070e600000, 0x000000070e600000|100%| E|CS|TAMS 0x000000070e500000, 0x000000070e500000| Complete 
| 202|0x000000070e600000, 0x000000070e700000, 0x000000070e700000|100%| E|CS|TAMS 0x000000070e600000, 0x000000070e600000| Complete 
| 203|0x000000070e700000, 0x000000070e800000, 0x000000070e800000|100%| E|CS|TAMS 0x000000070e700000, 0x000000070e700000| Complete 
| 204|0x000000070e800000, 0x000000070e900000, 0x000000070e900000|100%| E|CS|TAMS 0x000000070e800000, 0x000000070e800000| Complete 
| 205|0x000000070e900000, 0x000000070ea00000, 0x000000070ea00000|100%| E|CS|TAMS 0x000000070e900000, 0x000000070e900000| Complete 
| 206|0x000000070ea00000, 0x000000070eb00000, 0x000000070eb00000|100%| E|CS|TAMS 0x000000070ea00000, 0x000000070ea00000| Complete 
| 207|0x000000070eb00000, 0x000000070ec00000, 0x000000070ec00000|100%| E|CS|TAMS 0x000000070eb00000, 0x000000070eb00000| Complete 
| 208|0x000000070ec00000, 0x000000070ed00000, 0x000000070ed00000|100%| E|CS|TAMS 0x000000070ec00000, 0x000000070ec00000| Complete 
| 209|0x000000070ed00000, 0x000000070ee00000, 0x000000070ee00000|100%| E|CS|TAMS 0x000000070ed00000, 0x000000070ed00000| Complete 
| 210|0x000000070ee00000, 0x000000070ef00000, 0x000000070ef00000|100%| E|CS|TAMS 0x000000070ee00000, 0x000000070ee00000| Complete 
| 211|0x000000070ef00000, 0x000000070f000000, 0x000000070f000000|100%| E|CS|TAMS 0x000000070ef00000, 0x000000070ef00000| Complete 
| 212|0x000000070f000000, 0x000000070f100000, 0x000000070f100000|100%| E|CS|TAMS 0x000000070f000000, 0x000000070f000000| Complete 
| 213|0x000000070f100000, 0x000000070f200000, 0x000000070f200000|100%| E|CS|TAMS 0x000000070f100000, 0x000000070f100000| Complete 
| 214|0x000000070f200000, 0x000000070f300000, 0x000000070f300000|100%| E|CS|TAMS 0x000000070f200000, 0x000000070f200000| Complete 
| 215|0x000000070f300000, 0x000000070f400000, 0x000000070f400000|100%| E|CS|TAMS 0x000000070f300000, 0x000000070f300000| Complete 
| 216|0x000000070f400000, 0x000000070f500000, 0x000000070f500000|100%| E|CS|TAMS 0x000000070f400000, 0x000000070f400000| Complete 
| 217|0x000000070f500000, 0x000000070f600000, 0x000000070f600000|100%| E|CS|TAMS 0x000000070f500000, 0x000000070f500000| Complete 
| 218|0x000000070f600000, 0x000000070f700000, 0x000000070f700000|100%| E|CS|TAMS 0x000000070f600000, 0x000000070f600000| Complete 
| 219|0x000000070f700000, 0x000000070f800000, 0x000000070f800000|100%| E|CS|TAMS 0x000000070f700000, 0x000000070f700000| Complete 
| 220|0x000000070f800000, 0x000000070f900000, 0x000000070f900000|100%| E|CS|TAMS 0x000000070f800000, 0x000000070f800000| Complete 
| 221|0x000000070f900000, 0x000000070fa00000, 0x000000070fa00000|100%| E|CS|TAMS 0x000000070f900000, 0x000000070f900000| Complete 
| 222|0x000000070fa00000, 0x000000070fb00000, 0x000000070fb00000|100%| E|CS|TAMS 0x000000070fa00000, 0x000000070fa00000| Complete 
| 223|0x000000070fb00000, 0x000000070fc00000, 0x000000070fc00000|100%| E|CS|TAMS 0x000000070fb00000, 0x000000070fb00000| Complete 
| 224|0x000000070fc00000, 0x000000070fd00000, 0x000000070fd00000|100%| E|CS|TAMS 0x000000070fc00000, 0x000000070fc00000| Complete 
| 225|0x000000070fd00000, 0x000000070fe00000, 0x000000070fe00000|100%| E|CS|TAMS 0x000000070fd00000, 0x000000070fd00000| Complete 
| 226|0x000000070fe00000, 0x000000070ff00000, 0x000000070ff00000|100%| E|CS|TAMS 0x000000070fe00000, 0x000000070fe00000| Complete 
| 227|0x000000070ff00000, 0x0000000710000000, 0x0000000710000000|100%| E|CS|TAMS 0x000000070ff00000, 0x000000070ff00000| Complete 
| 228|0x0000000710000000, 0x0000000710100000, 0x0000000710100000|100%| E|CS|TAMS 0x0000000710000000, 0x0000000710000000| Complete 
| 229|0x0000000710100000, 0x0000000710200000, 0x0000000710200000|100%| E|CS|TAMS 0x0000000710100000, 0x0000000710100000| Complete 
| 230|0x0000000710200000, 0x0000000710300000, 0x0000000710300000|100%| E|CS|TAMS 0x0000000710200000, 0x0000000710200000| Complete 
| 231|0x0000000710300000, 0x0000000710400000, 0x0000000710400000|100%| E|CS|TAMS 0x0000000710300000, 0x0000000710300000| Complete 
| 232|0x0000000710400000, 0x0000000710500000, 0x0000000710500000|100%| E|CS|TAMS 0x0000000710400000, 0x0000000710400000| Complete 
| 233|0x0000000710500000, 0x0000000710600000, 0x0000000710600000|100%| E|CS|TAMS 0x0000000710500000, 0x0000000710500000| Complete 
| 234|0x0000000710600000, 0x0000000710700000, 0x0000000710700000|100%| E|CS|TAMS 0x0000000710600000, 0x0000000710600000| Complete 
| 235|0x0000000710700000, 0x0000000710800000, 0x0000000710800000|100%| E|CS|TAMS 0x0000000710700000, 0x0000000710700000| Complete 
| 236|0x0000000710800000, 0x0000000710900000, 0x0000000710900000|100%| E|CS|TAMS 0x0000000710800000, 0x0000000710800000| Complete 
| 237|0x0000000710900000, 0x0000000710a00000, 0x0000000710a00000|100%| E|CS|TAMS 0x0000000710900000, 0x0000000710900000| Complete 
| 238|0x0000000710a00000, 0x0000000710b00000, 0x0000000710b00000|100%| E|CS|TAMS 0x0000000710a00000, 0x0000000710a00000| Complete 
| 239|0x0000000710b00000, 0x0000000710c00000, 0x0000000710c00000|100%| E|CS|TAMS 0x0000000710b00000, 0x0000000710b00000| Complete 
| 240|0x0000000710c00000, 0x0000000710d00000, 0x0000000710d00000|100%| E|CS|TAMS 0x0000000710c00000, 0x0000000710c00000| Complete 
| 241|0x0000000710d00000, 0x0000000710e00000, 0x0000000710e00000|100%| E|CS|TAMS 0x0000000710d00000, 0x0000000710d00000| Complete 
| 242|0x0000000710e00000, 0x0000000710f00000, 0x0000000710f00000|100%| E|CS|TAMS 0x0000000710e00000, 0x0000000710e00000| Complete 
| 243|0x0000000710f00000, 0x0000000711000000, 0x0000000711000000|100%| E|CS|TAMS 0x0000000710f00000, 0x0000000710f00000| Complete 
| 244|0x0000000711000000, 0x0000000711100000, 0x0000000711100000|100%| E|CS|TAMS 0x0000000711000000, 0x0000000711000000| Complete 
| 245|0x0000000711100000, 0x0000000711200000, 0x0000000711200000|100%| E|CS|TAMS 0x0000000711100000, 0x0000000711100000| Complete 
| 246|0x0000000711200000, 0x0000000711300000, 0x0000000711300000|100%| E|CS|TAMS 0x0000000711200000, 0x0000000711200000| Complete 
| 247|0x0000000711300000, 0x0000000711400000, 0x0000000711400000|100%| E|CS|TAMS 0x0000000711300000, 0x0000000711300000| Complete 
| 248|0x0000000711400000, 0x0000000711500000, 0x0000000711500000|100%| E|CS|TAMS 0x0000000711400000, 0x0000000711400000| Complete 
| 249|0x0000000711500000, 0x0000000711600000, 0x0000000711600000|100%| E|CS|TAMS 0x0000000711500000, 0x0000000711500000| Complete 
| 250|0x0000000711600000, 0x0000000711700000, 0x0000000711700000|100%| E|CS|TAMS 0x0000000711600000, 0x0000000711600000| Complete 
| 251|0x0000000711700000, 0x0000000711800000, 0x0000000711800000|100%| E|CS|TAMS 0x0000000711700000, 0x0000000711700000| Complete 
| 252|0x0000000711800000, 0x0000000711900000, 0x0000000711900000|100%| E|CS|TAMS 0x0000000711800000, 0x0000000711800000| Complete 
| 253|0x0000000711900000, 0x0000000711a00000, 0x0000000711a00000|100%| E|CS|TAMS 0x0000000711900000, 0x0000000711900000| Complete 
| 254|0x0000000711a00000, 0x0000000711b00000, 0x0000000711b00000|100%| E|CS|TAMS 0x0000000711a00000, 0x0000000711a00000| Complete 
| 255|0x0000000711b00000, 0x0000000711c00000, 0x0000000711c00000|100%| E|CS|TAMS 0x0000000711b00000, 0x0000000711b00000| Complete 

Card table byte_map: [0x000001d649490000,0x000001d649c90000] _byte_map_base: 0x000001d645c82000

Marking Bits (Prev, Next): (CMBitMap*) 0x000001d63167d1a8, (CMBitMap*) 0x000001d63167d1e0
 Prev Bits: [0x000001d64a490000, 0x000001d64e420000)
 Next Bits: [0x000001d64e420000, 0x000001d6523b0000)

Polling page: 0x000001d62f5d0000

Metaspace:

Usage:
  Non-class:     17.66 MB capacity,    17.16 MB ( 97%) used,   438.10 KB (  2%) free+waste,    82.00 KB ( <1%) overhead. 
      Class:      2.33 MB capacity,     2.01 MB ( 86%) used,   283.20 KB ( 12%) free+waste,    41.19 KB (  2%) overhead. 
       Both:     19.99 MB capacity,    19.17 MB ( 96%) used,   721.30 KB (  4%) free+waste,   123.19 KB ( <1%) overhead. 

Virtual space:
  Non-class space:       18.00 MB reserved,      17.75 MB ( 99%) committed 
      Class space:        1.00 GB reserved,       2.38 MB ( <1%) committed 
             Both:        1.02 GB reserved,      20.13 MB (  2%) committed 

Chunk freelists:
   Non-Class:  3.00 KB
       Class:  0 bytes
        Both:  3.00 KB

CodeHeap 'non-profiled nmethods': size=120000Kb used=1159Kb max_used=1159Kb free=118840Kb
 bounds [0x000001d641430000, 0x000001d6416a0000, 0x000001d648960000]
CodeHeap 'profiled nmethods': size=120000Kb used=6178Kb max_used=6178Kb free=113821Kb
 bounds [0x000001d639f00000, 0x000001d63a510000, 0x000001d641430000]
CodeHeap 'non-nmethods': size=5760Kb used=2157Kb max_used=2210Kb free=3602Kb
 bounds [0x000001d639960000, 0x000001d639bd0000, 0x000001d639f00000]
 total_blobs=4036 nmethods=2757 adapters=587
 compilation: enabled
              stopped_count=0, restarted_count=0
 full_count=0

Compilation events (10 events):
Event: 150.836 Thread 0x000001d655846800 nmethod 2760 0x000001d63a505910 code [0x000001d63a505ae0, 0x000001d63a505d70]
Event: 150.836 Thread 0x000001d655846800 2762  s    3       java.io.BufferedOutputStream::flush (12 bytes)
Event: 150.836 Thread 0x000001d655846800 nmethod 2762 0x000001d63a505e10 code [0x000001d63a506000, 0x000001d63a506560]
Event: 150.836 Thread 0x000001d655846800 2761  s    3       java.io.BufferedOutputStream::write (67 bytes)
Event: 150.837 Thread 0x000001d655846800 nmethod 2761 0x000001d63a506690 code [0x000001d63a5068a0, 0x000001d63a507160]
Event: 150.838 Thread 0x000001d65583c000 2763       4       sun.nio.cs.SingleByte$Encoder::encodeArrayLoop (233 bytes)
Event: 150.838 Thread 0x000001d655846800 2764       3       java.lang.Throwable$WrappedPrintStream::println (9 bytes)
Event: 150.838 Thread 0x000001d655846800 nmethod 2764 0x000001d63a507390 code [0x000001d63a5075c0, 0x000001d63a507d60]
Event: 150.838 Thread 0x000001d655846800 2765   !   3       java.io.PrintStream::println (31 bytes)
Event: 150.839 Thread 0x000001d655846800 nmethod 2765 0x000001d63a508090 code [0x000001d63a5082a0, 0x000001d63a5089a0]

GC Heap History (10 events):
Event: 25.313 GC heap before
{Heap before GC invocations=3 (full 0):
 garbage-first heap   total 262144K, used 72479K [0x0000000701c00000, 0x0000000800000000)
  region size 1024K, 40 young (40960K), 2 survivors (2048K)
 Metaspace       used 19618K, capacity 20473K, committed 20608K, reserved 1067008K
  class space    used 2060K, capacity 2385K, committed 2432K, reserved 1048576K
}
Event: 25.325 GC heap after
{Heap after GC invocations=4 (full 0):
 garbage-first heap   total 262144K, used 39421K [0x0000000701c00000, 0x0000000800000000)
  region size 1024K, 5 young (5120K), 5 survivors (5120K)
 Metaspace       used 19618K, capacity 20473K, committed 20608K, reserved 1067008K
  class space    used 2060K, capacity 2385K, committed 2432K, reserved 1048576K
}
Event: 38.180 GC heap before
{Heap before GC invocations=4 (full 0):
 garbage-first heap   total 262144K, used 114173K [0x0000000701c00000, 0x0000000800000000)
  region size 1024K, 75 young (76800K), 5 survivors (5120K)
 Metaspace       used 19618K, capacity 20473K, committed 20608K, reserved 1067008K
  class space    used 2060K, capacity 2385K, committed 2432K, reserved 1048576K
}
Event: 38.200 GC heap after
{Heap after GC invocations=5 (full 0):
 garbage-first heap   total 262144K, used 50176K [0x0000000701c00000, 0x0000000800000000)
  region size 1024K, 10 young (10240K), 10 survivors (10240K)
 Metaspace       used 19618K, capacity 20473K, committed 20608K, reserved 1067008K
  class space    used 2060K, capacity 2385K, committed 2432K, reserved 1048576K
}
Event: 61.100 GC heap before
{Heap before GC invocations=5 (full 0):
 garbage-first heap   total 262144K, used 154624K [0x0000000701c00000, 0x0000000800000000)
  region size 1024K, 107 young (109568K), 10 survivors (10240K)
 Metaspace       used 19618K, capacity 20473K, committed 20608K, reserved 1067008K
  class space    used 2060K, capacity 2385K, committed 2432K, reserved 1048576K
}
Event: 61.129 GC heap after
{Heap after GC invocations=6 (full 0):
 garbage-first heap   total 262144K, used 62464K [0x0000000701c00000, 0x0000000800000000)
  region size 1024K, 14 young (14336K), 14 survivors (14336K)
 Metaspace       used 19618K, capacity 20473K, committed 20608K, reserved 1067008K
  class space    used 2060K, capacity 2385K, committed 2432K, reserved 1048576K
}
Event: 85.158 GC heap before
{Heap before GC invocations=6 (full 0):
 garbage-first heap   total 262144K, used 160768K [0x0000000701c00000, 0x0000000800000000)
  region size 1024K, 110 young (112640K), 14 survivors (14336K)
 Metaspace       used 19618K, capacity 20473K, committed 20608K, reserved 1067008K
  class space    used 2060K, capacity 2385K, committed 2432K, reserved 1048576K
}
Event: 85.188 GC heap after
{Heap after GC invocations=7 (full 0):
 garbage-first heap   total 262144K, used 65247K [0x0000000701c00000, 0x0000000800000000)
  region size 1024K, 14 young (14336K), 14 survivors (14336K)
 Metaspace       used 19618K, capacity 20473K, committed 20608K, reserved 1067008K
  class space    used 2060K, capacity 2385K, committed 2432K, reserved 1048576K
}
Event: 113.844 GC heap before
{Heap before GC invocations=7 (full 0):
 garbage-first heap   total 262144K, used 176863K [0x0000000701c00000, 0x0000000800000000)
  region size 1024K, 113 young (115712K), 14 survivors (14336K)
 Metaspace       used 19618K, capacity 20473K, committed 20608K, reserved 1067008K
  class space    used 2060K, capacity 2385K, committed 2432K, reserved 1048576K
}
Event: 113.881 GC heap after
{Heap after GC invocations=8 (full 0):
 garbage-first heap   total 262144K, used 78781K [0x0000000701c00000, 0x0000000800000000)
  region size 1024K, 15 young (15360K), 15 survivors (15360K)
 Metaspace       used 19618K, capacity 20473K, committed 20608K, reserved 1067008K
  class space    used 2060K, capacity 2385K, committed 2432K, reserved 1048576K
}

Deoptimization events (10 events):
Event: 1.503 Thread 0x000001d631617800 Uncommon trap: reason=unstable_if action=reinterpret pc=0x000001d6414562f4 method=java.lang.String.getBytes([BIB)V @ 5 c2
Event: 1.503 Thread 0x000001d631617800 Uncommon trap: reason=unstable_if action=reinterpret pc=0x000001d6414786dc method=java.lang.AbstractStringBuilder.isLatin1()Z @ 10 c2
Event: 1.504 Thread 0x000001d631617800 Uncommon trap: reason=unstable_if action=reinterpret pc=0x000001d641454d10 method=java.lang.String.indexOf(II)I @ 4 c2
Event: 1.504 Thread 0x000001d631617800 Uncommon trap: reason=unstable_if action=reinterpret pc=0x000001d6414634a8 method=java.lang.StringLatin1.canEncode(I)Z @ 4 c2
Event: 1.504 Thread 0x000001d631617800 Uncommon trap: reason=unstable_if action=reinterpret pc=0x000001d64145ba38 method=java.lang.AbstractStringBuilder.putStringAt(ILjava/lang/String;)V @ 8 c2
Event: 1.504 Thread 0x000001d631617800 Uncommon trap: reason=unstable_if action=reinterpret pc=0x000001d64144cb98 method=java.lang.AbstractStringBuilder.isLatin1()Z @ 10 c2
Event: 1.504 Thread 0x000001d631617800 Uncommon trap: reason=unstable_if action=reinterpret pc=0x000001d6414ac5ac method=java.lang.String.getChars(II[CI)V @ 23 c2
Event: 2.584 Thread 0x000001d631617800 Uncommon trap: reason=unstable_if action=reinterpret pc=0x000001d6414f816c method=java.lang.String.valueOf(Ljava/lang/Object;)Ljava/lang/String; @ 1 c2
Event: 150.834 Thread 0x000001d631617800 Uncommon trap: reason=unstable_if action=reinterpret pc=0x000001d641546838 method=structure.SimplePage.isRecord(I)Z @ 99 c2
Event: 150.839 Thread 0x000001d631617800 Uncommon trap: reason=unstable_if action=reinterpret pc=0x000001d641539ee4 method=structure.SimplePage.isRecord(I)Z @ 99 c2

Classes redefined (0 events):
No events

Internal exceptions (10 events):
Event: 1.493 Thread 0x000001d631617800 Exception <a 'java/lang/ClassNotFoundException'{0x000000070f67e1a0}: java/lang/AbstractStringBuilderCustomizer> (0x000000070f67e1a0) thrown at [t:/workspace/open/src/hotspot/share/classfile/systemDictionary.cpp, line 231]
Event: 1.495 Thread 0x000001d631617800 Exception <a 'java/lang/ClassNotFoundException'{0x000000070f503ff0}: java/lang/StringBufferCustomizer> (0x000000070f503ff0) thrown at [t:/workspace/open/src/hotspot/share/classfile/systemDictionary.cpp, line 231]
Event: 2.584 Thread 0x000001d631617800 Implicit null exception at 0x000001d6414f812c to 0x000001d6414f815e
Event: 2.773 Thread 0x000001d631617800 Exception <a 'java/lang/reflect/InvocationTargetException'{0x000000070eb166a8}> (0x000000070eb166a8) thrown at [t:/workspace/open/src/hotspot/share/runtime/reflection.cpp, line 1242]
Event: 3.830 Thread 0x000001d631617800 Exception <a 'java/lang/reflect/InvocationTargetException'{0x000000070e103840}> (0x000000070e103840) thrown at [t:/workspace/open/src/hotspot/share/runtime/reflection.cpp, line 1242]
Event: 7.585 Thread 0x000001d631617800 Exception <a 'java/lang/reflect/InvocationTargetException'{0x000000070c49c560}> (0x000000070c49c560) thrown at [t:/workspace/open/src/hotspot/share/runtime/reflection.cpp, line 1242]
Event: 150.824 Thread 0x000001d631617800 Exception <a 'java/io/IOException'{0x000000070bff3220}> (0x000000070bff3220) thrown at [t:/workspace/open/src/hotspot/share/prims/jni.cpp, line 615]
Event: 150.835 Thread 0x000001d631617800 Exception <a 'java/io/IOException'{0x000000070be160f8}> (0x000000070be160f8) thrown at [t:/workspace/open/src/hotspot/share/prims/jni.cpp, line 615]
Event: 150.837 Thread 0x000001d631617800 Exception <a 'java/io/IOException'{0x000000070be38648}> (0x000000070be38648) thrown at [t:/workspace/open/src/hotspot/share/prims/jni.cpp, line 615]
Event: 150.839 Thread 0x000001d631617800 Exception <a 'java/io/IOException'{0x000000070be5af88}> (0x000000070be5af88) thrown at [t:/workspace/open/src/hotspot/share/prims/jni.cpp, line 615]

Events (10 events):
Event: 113.844 Executing VM operation: G1CollectForAllocation
Event: 113.881 Executing VM operation: G1CollectForAllocation done
Event: 150.824 loading class java/lang/Throwable$WrappedPrintStream
Event: 150.824 loading class java/lang/Throwable$WrappedPrintStream done
Event: 150.834 Thread 0x000001d631617800 Uncommon trap: trap_request=0xffffff4d fr.pc=0x000001d641546838 relative=0x00000000000018d8
Event: 150.834 Thread 0x000001d631617800 DEOPT PACKING pc=0x000001d641546838 sp=0x000000899fafb8f0
Event: 150.834 Thread 0x000001d631617800 DEOPT UNPACKING pc=0x000001d6399891af sp=0x000000899fafb850 mode 2
Event: 150.839 Thread 0x000001d631617800 Uncommon trap: trap_request=0xffffff4d fr.pc=0x000001d641539ee4 relative=0x00000000000006c4
Event: 150.839 Thread 0x000001d631617800 DEOPT PACKING pc=0x000001d641539ee4 sp=0x000000899fafb890
Event: 150.839 Thread 0x000001d631617800 DEOPT UNPACKING pc=0x000001d6399891af sp=0x000000899fafb848 mode 2


Dynamic libraries:
0x00007ff759910000 - 0x00007ff759957000 	C:\Program Files\Java\jdk-11.0.4\bin\javaw.exe
0x00007ffe9a0e0000 - 0x00007ffe9a2d0000 	C:\WINDOWS\SYSTEM32\ntdll.dll
0x00007ffe98770000 - 0x00007ffe98822000 	C:\WINDOWS\System32\KERNEL32.DLL
0x00007ffe97d30000 - 0x00007ffe97fd3000 	C:\WINDOWS\System32\KERNELBASE.dll
0x00007ffe99f40000 - 0x00007ffe99fe3000 	C:\WINDOWS\System32\ADVAPI32.dll
0x00007ffe98260000 - 0x00007ffe982fe000 	C:\WINDOWS\System32\msvcrt.dll
0x00007ffe98c70000 - 0x00007ffe98d07000 	C:\WINDOWS\System32\sechost.dll
0x00007ffe98650000 - 0x00007ffe98770000 	C:\WINDOWS\System32\RPCRT4.dll
0x00007ffe99560000 - 0x00007ffe996f4000 	C:\WINDOWS\System32\USER32.dll
0x00007ffe97070000 - 0x00007ffe97091000 	C:\WINDOWS\System32\win32u.dll
0x00007ffe9a070000 - 0x00007ffe9a096000 	C:\WINDOWS\System32\GDI32.dll
0x00007ffe970a0000 - 0x00007ffe97234000 	C:\WINDOWS\System32\gdi32full.dll
0x00007ffe97c90000 - 0x00007ffe97d2e000 	C:\WINDOWS\System32\msvcp_win.dll
0x00007ffe97b10000 - 0x00007ffe97c0a000 	C:\WINDOWS\System32\ucrtbase.dll
0x00007ffe7cfc0000 - 0x00007ffe7d245000 	C:\WINDOWS\WinSxS\amd64_microsoft.windows.common-controls_6595b64144ccf1df_6.0.18362.778_none_e6c6b761130d4fb8\COMCTL32.dll
0x00007ffe8d800000 - 0x00007ffe8d80a000 	C:\WINDOWS\SYSTEM32\VERSION.dll
0x00007ffe98300000 - 0x00007ffe98636000 	C:\WINDOWS\System32\combase.dll
0x00007ffe97c10000 - 0x00007ffe97c90000 	C:\WINDOWS\System32\bcryptPrimitives.dll
0x00007ffe989e0000 - 0x00007ffe98a0e000 	C:\WINDOWS\System32\IMM32.DLL
0x00007ffe8ea30000 - 0x00007ffe8ea46000 	C:\Program Files\Java\jdk-11.0.4\bin\vcruntime140.dll
0x00007ffe71ea0000 - 0x00007ffe71f4a000 	C:\Program Files\Java\jdk-11.0.4\bin\msvcp140.dll
0x00007ffe36eb0000 - 0x00007ffe379d7000 	C:\Program Files\Java\jdk-11.0.4\bin\server\jvm.dll
0x00007ffe99f30000 - 0x00007ffe99f38000 	C:\WINDOWS\System32\PSAPI.DLL
0x00007ffe848e0000 - 0x00007ffe848e9000 	C:\WINDOWS\SYSTEM32\WSOCK32.dll
0x00007ffe91530000 - 0x00007ffe91554000 	C:\WINDOWS\SYSTEM32\WINMM.dll
0x00007ffe98af0000 - 0x00007ffe98b5f000 	C:\WINDOWS\System32\WS2_32.dll
0x00007ffe91500000 - 0x00007ffe9152d000 	C:\WINDOWS\SYSTEM32\winmmbase.dll
0x00007ffe97fe0000 - 0x00007ffe9802a000 	C:\WINDOWS\System32\cfgmgr32.dll
0x00007ffe97000000 - 0x00007ffe97011000 	C:\WINDOWS\System32\kernel.appcore.dll
0x00007ffe8bdb0000 - 0x00007ffe8bdc1000 	C:\Program Files\Java\jdk-11.0.4\bin\verify.dll
0x00007ffe95910000 - 0x00007ffe95b04000 	C:\WINDOWS\SYSTEM32\DBGHELP.DLL
0x00007ffe8bb40000 - 0x00007ffe8bb6a000 	C:\WINDOWS\SYSTEM32\dbgcore.DLL
0x00007ffe8a590000 - 0x00007ffe8a5b9000 	C:\Program Files\Java\jdk-11.0.4\bin\java.dll
0x00007ffe8a570000 - 0x00007ffe8a586000 	C:\Program Files\Java\jdk-11.0.4\bin\zip.dll
0x00007ffe916f0000 - 0x00007ffe916fa000 	C:\Program Files\Java\jdk-11.0.4\bin\jimage.dll
0x00007ffe99840000 - 0x00007ffe99f25000 	C:\WINDOWS\System32\SHELL32.dll
0x00007ffe98b60000 - 0x00007ffe98c09000 	C:\WINDOWS\System32\shcore.dll
0x00007ffe97240000 - 0x00007ffe979c0000 	C:\WINDOWS\System32\windows.storage.dll
0x00007ffe97040000 - 0x00007ffe97063000 	C:\WINDOWS\System32\profapi.dll
0x00007ffe96fb0000 - 0x00007ffe96ffa000 	C:\WINDOWS\System32\powrprof.dll
0x00007ffe96fa0000 - 0x00007ffe96fb0000 	C:\WINDOWS\System32\UMPDC.dll
0x00007ffe99500000 - 0x00007ffe99552000 	C:\WINDOWS\System32\shlwapi.dll
0x00007ffe98090000 - 0x00007ffe980a7000 	C:\WINDOWS\System32\cryptsp.dll
0x00007ffe8a2e0000 - 0x00007ffe8a2f9000 	C:\Program Files\Java\jdk-11.0.4\bin\net.dll
0x00007ffe88d80000 - 0x00007ffe88f55000 	C:\WINDOWS\SYSTEM32\urlmon.dll
0x00007ffe8edd0000 - 0x00007ffe8eec0000 	C:\WINDOWS\SYSTEM32\WINHTTP.dll
0x00007ffe86420000 - 0x00007ffe866c6000 	C:\WINDOWS\SYSTEM32\iertutil.dll
0x00007ffe96980000 - 0x00007ffe9698c000 	C:\WINDOWS\SYSTEM32\CRYPTBASE.DLL
0x00007ffe967b0000 - 0x00007ffe96817000 	C:\WINDOWS\system32\mswsock.dll
0x00007ffe8a0b0000 - 0x00007ffe8a0c3000 	C:\Program Files\Java\jdk-11.0.4\bin\nio.dll

dbghelp: loaded successfully - version: 4.0.5 - missing functions: none
symbol engine: initialized successfully - sym options: 0x614 - pdb path: .;C:\Program Files\Java\jdk-11.0.4\bin;C:\WINDOWS\SYSTEM32;C:\WINDOWS\WinSxS\amd64_microsoft.windows.common-controls_6595b64144ccf1df_6.0.18362.778_none_e6c6b761130d4fb8;C:\Program Files\Java\jdk-11.0.4\bin\server

VM Arguments:
jvm_args: -ea -Dfile.encoding=Cp1252 
java_command: org.eclipse.jdt.internal.junit.runner.RemoteTestRunner -version 3 -port 63004 -testLoaderClass org.eclipse.jdt.internal.junit5.runner.JUnit5TestLoader -loaderpluginname org.eclipse.jdt.junit5.runtime -classNames audit.Module8
java_class_path (initial): C:\Users\kk_la\Desktop\College Stuff\Computer Science\CS210Project\bin\main;C:\Users\kk_la\Desktop\College Stuff\Computer Science\CS210Project\bin\test;\CS210Project\bin\default;C:\Users\kk_la\.gradle\caches\modules-2\files-2.1\org.codehaus.groovy\groovy\3.0.0-rc-2\8157a3d5ce971cadd1a8d0154c3962263f85a5d1\groovy-3.0.0-rc-2.jar;C:\Users\kk_la\.gradle\caches\modules-2\files-2.1\javax.json\javax.json-api\1.1.4\c8efa3cfaeee2b05c2dfd54cba21548a081b1746\javax.json-api-1.1.4.jar;C:\Users\kk_la\.gradle\caches\modules-2\files-2.1\org.glassfish\jakarta.json\1.1.6\a39aba0ef0a70c3f54a44a2c539a4f11c9bb07e8\jakarta.json-1.1.6.jar;C:\Users\kk_la\.gradle\caches\modules-2\files-2.1\org.junit.jupiter\junit-jupiter\5.5.2\f8561a498ec26b24a3a64aebb6b2307fed000a33\junit-jupiter-5.5.2.jar;C:\Users\kk_la\.gradle\caches\modules-2\files-2.1\org.junit.jupiter\junit-jupiter-params\5.5.2\e0659722923bd9fdfa08602e2da22bd5a9d354e8\junit-jupiter-params-5.5.2.jar;C:\Users\kk_la\.gradle\caches\modules-2\files-2.1\org.junit.jupiter\junit-jupiter-api\5.5.2\6393db7e4c0265152d8fc4ff146633d1a7d36c47\junit-jupiter-api-5.5.2.jar;C:\Users\kk_la\.gradle\caches\modules-2\files-2.1\org.junit.platform\junit-platform-commons\1.5.2\9703df63b65d415b2a027d43ce908c625b3aedce\junit-platform-commons-1.5.2.jar;C:\Users\kk_la\.gradle\caches\modules-2\files-2.1\org.apiguardian\apiguardian-api\1.1.0\fc9dff4bb36d627bdc553de77e1f17efd790876c\apiguardian-api-1.1.0.jar;C:\Users\kk_la\.gradle\caches\modules-2\files-2.1\org.opentest4j\opentest4j\1.2.0\28c11eb91f9b6d8e200631d46e20a7f407f2a046\opentest4j-1.2.0.jar;C:\Users\kk_la\.gradle\caches\modules-2\files-2.1\org.junit.jupiter\junit-jupiter-engine\5.5.2\f597408bde45371548f9e9791da7981a1134328d\junit-jupiter-engine-5.5.2.jar;C:\Users\kk_la\.gradle\caches\modules-2\files-2.1\org.junit.platform\junit-platform-engine\1.5.2\d5697f6ebe0b4d08c0210b5b98b4e1a40f40dfc6\junit-platform-engine-1.5.2.jar;C:\Users\kk_la\eclipse\java-2019-06\eclipse\configuration\
Launcher Type: SUN_STANDARD

[Global flags]
     intx CICompilerCount                          = 4                                         {product} {ergonomic}
     uint ConcGCThreads                            = 2                                         {product} {ergonomic}
     uint G1ConcRefinementThreads                  = 8                                         {product} {ergonomic}
   size_t G1HeapRegionSize                         = 1048576                                   {product} {ergonomic}
    uintx GCDrainStackTargetSize                   = 64                                        {product} {ergonomic}
   size_t InitialHeapSize                          = 268435456                                 {product} {ergonomic}
   size_t MarkStackSize                            = 4194304                                   {product} {ergonomic}
   size_t MaxHeapSize                              = 4265607168                                {product} {ergonomic}
   size_t MaxNewSize                               = 2558525440                                {product} {ergonomic}
   size_t MinHeapDeltaBytes                        = 1048576                                   {product} {ergonomic}
    uintx NonNMethodCodeHeapSize                   = 5835340                                {pd product} {ergonomic}
    uintx NonProfiledCodeHeapSize                  = 122911450                              {pd product} {ergonomic}
    uintx ProfiledCodeHeapSize                     = 122911450                              {pd product} {ergonomic}
    uintx ReservedCodeCacheSize                    = 251658240                              {pd product} {ergonomic}
     bool SegmentedCodeCache                       = true                                      {product} {ergonomic}
     bool UseCompressedClassPointers               = true                                 {lp64_product} {ergonomic}
     bool UseCompressedOops                        = true                                 {lp64_product} {ergonomic}
     bool UseG1GC                                  = true                                      {product} {ergonomic}
     bool UseLargePagesIndividualAllocation        = false                                  {pd product} {ergonomic}

Logging:
Log output configuration:
 #0: stdout all=warning uptime,level,tags
 #1: stderr all=off uptime,level,tags

Environment Variables:
PATH=C:/Program Files/Java/jdk-12.0.2/bin/server;C:/Program Files/Java/jdk-12.0.2/bin;C:\Program Files (x86)\Common Files\Oracle\Java\javapath;C:\windows\system32;C:\windows;C:\windows\System32\Wbem;C:\windows\System32\WindowsPowerShell\v1.0\;C:\windows\System32\OpenSSH\;C:\Program Files (x86)\Intel\Intel(R) Management Engine Components\DAL;C:\Program Files\Intel\Intel(R) Management Engine Components\DAL;C:\Program Files (x86)\Intel\Intel(R) Management Engine Components\IPT;C:\Program Files\Intel\Intel(R) Management Engine Components\IPT;C:\Program Files (x86)\NVIDIA Corporation\PhysX\Common;C:\WINDOWS\system32;C:\WINDOWS;C:\WINDOWS\System32\Wbem;C:\WINDOWS\System32\WindowsPowerShell\v1.0\;C:\WINDOWS\System32\OpenSSH\;C:\Users\kk_la\AppData\Local\Microsoft\WindowsApps;;C:\WINDOWS\System32;
USERNAME=kk_la
OS=Windows_NT
PROCESSOR_IDENTIFIER=Intel64 Family 6 Model 142 Stepping 10, GenuineIntel



---------------  S Y S T E M  ---------------

OS: Windows 10 , 64 bit Build 18362 (10.0.18362.778)

CPU:total 8 (initial active 8) (4 cores per cpu, 2 threads per core) family 6 model 142 stepping 10, cmov, cx8, fxsr, mmx, sse, sse2, sse3, ssse3, sse4.1, sse4.2, popcnt, avx, avx2, aes, clmul, erms, 3dnowpref, lzcnt, ht, tsc, tscinvbit, bmi1, bmi2, adx, fma

Memory: 4k page, system-wide physical 16268M (8052M free)
TotalPageFile size 65420M (AvailPageFile size 3M)
current process WorkingSet (physical memory assigned to process): 836M, peak: 998M
current process commit charge ("private bytes"): 56237M, peak: 56237M

vm_info: Java HotSpot(TM) 64-Bit Server VM (11.0.4+10-LTS) for windows-amd64 JRE (11.0.4+10-LTS), built on Jul  4 2019 16:28:13 by "mach5one" with MS VC++ 15.5 (VS2017)

END.
