Map map = new VolatileHashMap();
map.get("1");
map.put("60", 42);
map.get("0");
map.put("1", 262);
map.put("18", 850);
map.put("f", 883);
map.get("65");
map.put("e", 533);
map.remove("1f");
map.put("d", 738);
map.put("2f5", 822);
map.put("7", 806);
map.remove("7");
map.put("5", 610);
map.put("99", 38);
map.put("64", 828);
map.remove("0c");
map.get("f");
map.put("4", 891);
map.containsValue(547);
map.put("e", 353);
map.remove("4f8");
map.put("46", 16);
map.put("c4", 245);
map.remove("b60e");
map.put("a4", 129);
map.get("4");
map.put("b", 512);
map.remove("b6");
map.put("7", 83);
map.put("5f", 226);
map.remove("c0");
map.get("2");
map.get("e");
map.put("82", 370);
map.put("8", 4);
map.put("b", 851);
map.put("df", 78);
map.put("7", 756);
map.put("a", 562);
map.get("647");
map.put("e8", 146);
map.put("2b", 189);
map.put("b5", 718);
map.put("4", 241);
map.put("e", 395);
map.put("4d0", 409);
map.put("e96", 312);
map.put("f", 638);
map.put("a", 394);
map.containsValue(183);
map.put("652", 989);
map.put("88", 221);
map.put("579", 436);
map.get("c");
map.put("a", 20);
map.put("f", 5);
map.remove("0");
map.get("78");
map.size();
map.put("7", 8);
map.put("5d", 61);
map.remove("8");
map.put("f", 494);
map.remove("d");
map.get("f");
map.remove("6");
map.get("7b8");
map.isEmpty();
map.remove("2");
map.get("6ea");
map.put("b", 859);
map.put("b5", 749);
map.put("907", 40);
map.remove("2");
map.put("c", 831);
map.get("f09ea");
map.put("40", 248);
map.put("68", 317);
map.get("ec");
map.put("8", 839);
map.remove("77");
map.put("97e", 80);
map.containsKey("76");
map.remove("471");
map.put("b", 426);
map.put("9d7", 252);
map.size();
map.put("0", 466);
map.put("a9", 577);
map.get("e6");
map.remove("2");
map.size();
map.get("2");
map.put("99", 47);
map.put("a", 884);
map.put("5e", 971);
map.put("5", 419);
map.size();
map.get("f");
map.put("4", 400);
map.put("6", 887);
map.size();
map.put("5", 442);
map.remove("61e");
map.get("d94");
map.containsKey("b");
map.put("418", 395);
map.put("b7e", 7);
map.get("0");
map.put("7", 929);
map.get("7f");
map.put("0e7", 525);
map.containsKey("b");
map.size();
map.put("e2", 242);
map.put("bfa5", 454);
map.remove("9e");
map.remove("6d");
map.containsKey("e7");
map.put("6", 862);
map.remove("b2");
map.put("98", 435);
map.get("ce");
map.remove("8");
map.put("7", 331);
map.put("c", 402);
map.put("00", 948);
map.put("2", 842);
map.containsKey("5");
map.put("e", 374);
map.containsValue(813);
map.put("7", 51);
map.put("5e0", 654);
map.put("7", 777);
map.remove("5");
map.put("7", 271);
map.put("d", 307);
map.containsKey("6");
map.remove("dd");
map.put("a", 147);
map.put("e", 762);
map.get("0d79");
map.put("07", 887);
map.put("4f", 415);
map.get("6");
map.put("dac", 220);
map.put("1", 874);
map.containsKey("4");
map.containsValue(104);
map.put("a", 650);
map.containsKey("a5");
map.size();
map.put("b", 940);
map.isEmpty();
map.remove("06");
map.put("8", 463);
map.remove("0");
map.put("f", 366);
map.put("7", 70);
map.size();
map.put("8", 932);
map.remove("7");
map.containsKey("d");
map.isEmpty();
map.get("07");
map.remove("4");
map.remove("a");
map.containsKey("1");
map.put("ff", 110);
map.put("8c", 675);
map.put("5", 597);
map.put("a", 212);
map.put("7", 65);
map.get("8");
map.remove("7");
map.put("09", 145);
map.remove("a");
map.get("b");
map.put("d29", 339);
map.containsKey("7");
map.put("8d2", 937);
map.put("22a5", 134);
map.put("7", 601);
map.containsKey("89");
map.put("5b", 792);
map.put("d", 56);
map.get("e6");
map.put("d6", 210);
map.remove("c94");
map.put("e", 57);
map.put("4", 224);
map.put("524", 453);
map.remove("088");
map.put("b", 403);
map.put("4bf", 453);
map.put("8d", 372);
map.put("a", 809);
map.put("d68", 695);
map.remove("6");
map.get("aa");
map.put("d17", 774);
map.get("f");
map.containsKey("0");
map.remove("7");
map.remove("d");
map.size();
map.put("0", 363);
map.put("1aa", 530);
map.remove("99");
map.put("5d", 246);
map.put("28", 927);
map.put("96", 477);
map.get("a0");
map.remove("110");
map.put("c89", 707);
map.containsKey("e");
map.put("9", 626);
map.remove("2");
map.remove("1c1");
map.put("fb", 124);
map.put("c", 906);
map.get("bf89");
map.remove("e");
map.put("2", 290);
map.remove("b1");
map.put("06", 421);
map.put("e1", 551);
map.put("a", 936);
map.get("1");
map.put("d", 112);
map.size();
map.put("5", 87);
map.remove("7");
map.put("deb", 52);
map.put("2", 937);
map.remove("42b");
map.put("b0", 342);
map.remove("2c");
map.remove("28");
map.put("b", 964);
map.isEmpty();
map.get("e");
map.remove("6");
map.put("7c", 661);
map.isEmpty();
map.put("56af", 262);
map.size();
map.get("0d");
map.remove("f");
map.get("cb");
map.put("a", 657);
map.put("72", 345);
map.put("f", 100);
map.remove("5");
map.get("20");
map.get("c6");
map.put("209", 990);
map.remove("75e");
map.remove("6");
map.containsValue(57);
map.size();
map.put("1", 728);
map.put("25", 794);
map.remove("de");
map.put("8", 211);
map.get("5");
map.put("ca7", 516);
map.get("c");
map.put("0", 550);
map.get("b");
map.get("b");
map.put("cf", 500);
map.remove("e");
map.put("1", 157);
map.put("5", 49);
map.size();
map.remove("4");
map.put("1", 338);
map.containsKey("5");
map.put("50", 24);
map.get("02");
map.get("08");
map.put("a", 58);
map.remove("004");
map.put("cc", 236);
map.put("4", 479);
map.put("a2", 737);
map.containsKey("c");
map.put("8", 217);
map.remove("6b9e");
map.put("6", 99);
map.put("ec", 260);
map.get("d9");
map.containsValue(974);
map.put("6", 490);
map.put("a", 629);
map.put("85e", 702);
map.put("a", 119);
map.get("695");
map.put("c", 404);
map.put("8d6", 330);
map.put("a", 186);
map.put("7ed", 398);
map.containsKey("7bfd");
map.put("498", 768);
map.put("f", 248);
map.put("5", 85);
map.put("1", 247);
map.put("4", 221);
map.put("4", 962);
map.get("c");
map.put("65", 243);
map.put("f579", 293);
map.get("f1");
map.put("88", 361);
map.put("4", 323);
map.put("569", 208);
map.put("d4", 864);
map.put("8", 53);
map.put("4", 324);
map.size();
map.put("f", 953);
map.put("05", 69);
map.get("74");
map.put("b", 325);
map.put("1a", 78);
map.remove("0c");
map.put("f77", 35);
map.put("b", 133);
map.get("d");
map.put("f", 603);
map.put("f", 360);
map.put("e", 533);
map.put("2", 250);
map.put("7", 487);
map.get("d2");
map.get("f");
map.size();
map.put("6", 866);
map.put("5", 176);
map.put("bac", 852);
map.put("db7", 110);
map.put("b", 383);
map.get("4");
map.put("0d", 250);
map.remove("1");
map.put("d", 671);
map.put("e", 648);
map.containsKey("9");
map.put("df", 956);
map.put("5", 749);
map.put("7b", 534);
map.put("a", 653);
map.put("0", 566);
map.get("2");
map.put("7a", 314);
map.get("d87");
map.put("9", 205);
map.put("09", 299);
map.get("7");
map.put("a2", 231);
map.put("d4", 494);
map.put("db", 633);
map.remove("e");
map.put("b", 9);
map.get("4");
map.remove("d");
map.put("0f", 110);
map.put("9bbc0", 286);
map.isEmpty();
map.put("a", 460);
map.put("b", 492);
map.size();
map.remove("440");
map.put("9", 603);
map.remove("49");
map.put("6", 211);
map.put("a", 563);
map.put("689c2", 314);
map.put("2d", 23);
map.put("55", 314);
map.put("b1", 609);
map.put("987", 919);
map.put("d", 618);
map.put("ba", 681);
map.put("6", 419);
map.put("e", 639);
map.remove("d6");
map.get("4d");
map.get("f7be");
map.put("0", 533);
map.get("aa");
map.put("c", 721);
map.remove("6");
map.put("e", 698);
map.containsValue(427);
map.remove("12");
map.remove("8");
map.get("b");
map.put("90b", 660);
map.remove("4");
map.remove("5c");
map.put("eb", 460);
map.put("9a70", 847);
map.put("e", 529);
map.put("a6", 288);
map.containsKey("1ccf");
map.put("e8", 800);
map.put("1", 357);
map.put("d", 926);
map.get("f");
map.put("4", 719);
map.put("ce", 447);
map.remove("d");
map.remove("575e");
map.put("e", 140);
map.put("6", 958);
map.containsValue(671);
map.put("8", 104);
map.put("28", 357);
map.remove("8");
map.remove("290");
map.get("2");
map.isEmpty();
map.put("ad", 557);
map.get("7");
map.put("d5", 555);
map.put("b", 42);
map.size();
map.remove("cd9");
map.get("4");
map.put("0", 483);
map.put("4", 625);
map.put("eaa7", 67);
map.put("d", 354);
map.put("4", 149);
map.containsKey("b");
map.put("9b", 126);
map.get("1");
map.put("97a1", 238);
map.put("1", 419);
map.put("d1", 948);
map.put("4", 345);
map.put("d7", 933);
map.put("2", 493);
map.put("25", 729);
map.put("e4", 249);
map.get("8");
map.get("26");
map.put("8", 876);
map.put("1e", 210);
map.put("8d9e", 728);
map.get("1");
map.get("ef");
map.put("65", 304);
map.put("a9", 962);
map.put("c28", 286);
map.get("74");
map.put("2", 522);
map.remove("de58");
map.put("a", 54);
map.put("6", 405);
map.put("f", 811);
map.put("1ad", 911);
map.remove("fc");
map.put("1b", 820);
map.put("e7", 81);
map.size();
map.get("ea6");
map.remove("6b");
map.put("1d", 304);
map.put("d", 906);
map.isEmpty();
map.put("6", 840);
map.containsKey("8");
map.put("06", 484);
map.isEmpty();
map.remove("4d8");
map.put("e", 574);
map.put("2fb", 629);
map.containsKey("b");
map.put("1", 77);
map.get("b");
map.put("2", 391);
map.remove("b");
map.get("6");
map.containsKey("1");
map.remove("be");
map.put("0", 786);
map.get("1c");
map.put("27ee", 688);
map.isEmpty();
map.put("1", 186);
map.put("45", 516);
map.put("1", 523);
map.put("2", 567);
map.put("6", 208);
map.put("06", 999);
map.remove("44");
map.get("d4c");
map.put("21df", 915);
map.get("5");
map.put("7", 808);
map.put("9", 928);
map.put("8", 523);
map.put("4", 617);
map.put("952", 407);
map.size();
map.get("7");
map.put("f", 216);
map.get("a");
map.containsKey("c");
map.remove("b");
map.put("b5f", 514);
map.put("d", 359);
map.remove("7");
map.get("60");
map.put("7", 776);
map.containsKey("50");
map.put("42", 683);
map.put("dec", 312);
map.put("55", 607);
map.put("4", 56);
map.put("2", 614);
map.get("45");
map.remove("c2");
map.get("f");
map.put("a2", 936);
map.containsValue(69);
map.put("a", 712);
map.get("d");
map.containsKey("b");
map.put("e1", 451);
map.get("42b");
map.put("c", 990);
map.put("99", 55);
map.put("68d", 519);
map.put("99f7", 180);
map.size();
map.remove("27");
map.get("d1");
map.put("b", 638);
map.put("6", 815);
map.put("7e7e", 681);
map.put("c0", 456);
map.size();
map.remove("8");
map.put("7", 504);
map.get("5bf");
map.get("9");
map.remove("16");
map.put("4", 565);
map.put("b48", 868);
map.put("49", 898);
map.put("5", 771);
map.remove("e5");
map.put("f", 648);
map.size();
map.put("4", 817);
map.put("4", 798);
map.put("9", 96);
map.remove("a6");
map.containsKey("6d");
map.remove("5");
map.put("5", 794);
map.put("bf", 288);
map.put("5", 638);
map.remove("42");
map.put("5", 156);
map.get("b");
map.get("f46");
map.remove("55");
map.remove("5892");
map.containsValue(944);
map.put("e", 961);
map.get("d2");
map.put("0f", 426);
map.containsKey("2e");
map.containsKey("91");
map.get("c7");
map.put("eb", 939);
map.put("e9", 922);
map.containsKey("605");
map.put("2a7", 893);
map.put("74", 538);
map.put("8", 5);
map.put("674", 276);
map.remove("08");
map.remove("5");
map.put("0", 421);
map.put("5", 834);
map.put("4", 561);
map.put("a", 759);
map.put("b", 479);
map.put("66", 525);
map.put("1", 297);
map.put("4af", 610);
map.get("7");
map.put("5", 872);
map.put("118", 33);
map.put("dc", 873);
map.put("691", 249);
map.containsValue(788);
map.put("a", 543);
map.put("b", 343);
map.get("f");
map.put("f", 526);
map.get("a");
map.put("4", 225);
map.put("9e", 148);
map.containsKey("2");
map.put("f", 663);
map.put("d0de", 422);
map.put("9d8", 329);
map.put("2", 369);
map.put("75", 415);
map.put("1292", 947);
map.put("5", 451);
map.put("0", 771);
map.put("41", 25);
map.remove("02");
map.put("cf", 652);
map.remove("e7");
map.containsKey("c");
map.isEmpty();
map.get("8f");
map.get("0c");
map.put("e", 811);
map.size();
map.remove("0");
map.remove("7");
map.size();
map.containsKey("b7");
map.put("f", 719);
map.size();
map.get("72");
map.put("09", 345);
map.put("f", 711);
map.put("9", 139);
map.put("d", 237);
map.put("8d", 797);
map.remove("628");
map.put("1d", 929);
map.containsKey("bf");
map.put("5", 789);
map.put("4", 96);
map.put("a", 67);
map.remove("a4");
map.put("a", 158);
map.put("c4", 354);
map.get("b");
map.size();
map.put("f89", 928);
map.put("a1", 613);
map.put("48", 324);
map.remove("6");
map.put("2c", 463);
map.containsKey("a");
map.containsValue(313);
map.isEmpty();
map.get("f");
map.put("c9", 299);
map.put("e8", 844);
map.put("f", 577);
map.put("752b", 918);
map.containsKey("6");
map.put("5", 935);
map.put("47f", 342);
map.put("b9", 398);
map.put("e294", 942);
map.remove("a7");
map.put("4", 566);
map.put("d", 647);
map.put("b5c", 580);
map.put("f7", 659);
map.put("7e", 637);
map.put("2", 562);
map.put("d", 731);
map.put("4", 959);
map.remove("e1");
map.remove("9");
map.put("91d", 603);
map.get("a");
map.remove("e");
map.put("9c", 900);
map.remove("c");
map.put("9f", 800);
map.put("c", 314);
map.put("95", 233);
map.containsKey("d");
map.put("b49", 745);
map.put("0", 133);
map.put("d4", 989);
map.put("e", 551);
map.remove("5");
map.isEmpty();
map.get("57d");
map.put("c", 545);
map.get("4");
map.get("7");
map.put("f0", 744);
map.put("a", 911);
map.put("0", 283);
map.put("09", 739);
map.get("c");
map.put("d", 974);
map.put("d", 693);
map.put("d4", 936);
map.put("c", 262);
map.get("efbd");
map.containsKey("ce");
map.get("c5");
map.put("5", 970);
map.put("f40c", 81);
map.put("8", 635);
map.put("a", 911);
map.put("29", 738);
map.put("b", 657);
map.put("b1", 402);
map.put("1", 729);
map.containsValue(675);
map.put("7", 622);
map.get("6927");
map.containsValue(511);
map.put("4", 795);
map.get("8");
map.put("8e2", 465);
map.put("e517", 720);
map.put("e4", 352);
map.put("c", 182);
map.put("e9", 556);
map.put("a", 816);
map.put("5", 708);
map.put("cc8", 111);
map.put("ea", 831);
map.remove("a");
map.put("d", 351);
map.put("60", 889);
map.get("6204f");
map.get("42f");
map.get("2");
map.put("b", 669);
map.get("8d");
map.put("ef", 476);
map.containsKey("5e9");
map.put("f", 637);
map.put("dd1", 969);
map.remove("a7");
map.size();
map.put("6", 833);
map.put("c", 689);
map.put("0", 700);
map.get("b");
map.put("f", 962);
map.remove("77");
map.put("02", 721);
map.remove("a");
map.put("ddd", 30);
map.put("b7d", 601);
map.put("9", 276);
map.put("7", 341);
map.get("bf");
map.get("41");
map.put("1", 186);
map.get("62");
map.put("5a", 603);
map.put("ac", 953);
map.put("e4d", 161);
map.put("c2", 769);
map.remove("d");
map.put("51", 25);
map.put("5", 408);
map.put("6d", 10);
map.put("e", 630);
map.put("260", 305);
map.size();
map.containsKey("8");
map.get("a2f");
map.put("c", 191);
map.remove("0");
map.put("b", 326);
map.put("7", 469);
map.get("79");
map.containsKey("d9c0");
map.put("4a2", 314);
map.remove("9a");
map.put("2c0", 234);
map.put("f", 832);
map.get("447");
map.put("70", 269);
map.size();
map.put("0", 175);
map.put("8", 713);
map.put("9e", 313);
map.put("98", 419);
map.put("82", 675);
map.remove("e");
map.put("1", 280);
map.remove("9");
map.get("2");
map.containsValue(794);
map.remove("f4b");
map.put("b9c", 43);
map.get("e2b");
map.remove("24");
map.put("85", 916);
map.put("e", 380);
map.put("2d", 919);
map.put("9", 590);
map.put("fc4", 493);
map.put("4", 570);
map.put("4dc", 399);
map.size();
map.put("a", 491);
map.put("67", 153);
map.put("c", 741);
map.get("cf");
map.get("c5");
map.remove("ef");
map.put("777", 658);
map.put("c5a", 2);
map.put("a", 522);
map.put("a", 269);
map.remove("4");
map.put("d", 716);
map.put("d8", 801);
map.put("56", 680);
map.get("b");
map.put("1", 413);
map.put("d52", 490);
map.put("4", 493);
map.put("4", 942);
map.put("0", 665);
map.remove("0");
map.put("08", 227);
map.remove("6");
map.put("e", 900);
map.put("b788b", 167);
map.put("5", 820);
map.put("7", 245);
map.isEmpty();
map.put("6", 470);
map.put("8", 281);
map.get("19");
map.remove("2f");
map.get("0");
map.put("0", 172);
map.remove("7");
map.get("66");
map.remove("ca");
map.put("a06", 599);
map.put("752", 623);
map.put("dcb", 60);
map.put("28", 355);
map.put("d", 473);
map.remove("d");
map.put("57", 57);
map.put("9da", 104);
map.put("81", 749);
map.size();
map.containsValue(229);
map.put("d7", 479);
map.containsValue(544);
map.remove("a");
map.remove("16");
map.put("087", 645);
map.remove("bb");
map.put("c", 533);
map.remove("d");
map.containsKey("4");
map.get("c");
map.remove("b");
map.remove("bd");
map.put("8db", 940);
map.put("46", 198);
map.get("89");
map.containsValue(768);
map.put("40f", 199);
map.containsKey("f7");
map.isEmpty();
map.get("6");
map.get("a9");
map.put("b", 411);
map.put("c41", 481);
map.put("0", 40);
map.put("f", 182);
map.put("8", 523);
map.get("1f");
map.get("ec");
map.put("e", 986);
map.remove("b82");
map.remove("2");
map.get("1");
map.put("b", 700);
map.put("d98", 370);
map.put("e2", 865);
map.containsKey("17");
map.put("dd8e12", 254);
map.put("4", 215);
map.remove("20d");
map.put("dcf", 505);
map.put("029", 451);
map.put("0", 687);
map.get("54");
map.put("2", 591);
map.remove("e");
map.put("e", 131);
map.put("7", 927);
map.containsValue(368);
map.isEmpty();
map.put("9fa", 869);
map.put("8aa", 982);
map.put("cf", 626);
map.put("87e", 381);
map.put("1", 816);
map.put("0", 292);
map.put("0", 958);
map.remove("ee");
map.put("7", 13);
map.put("bc", 638);
map.remove("88");
map.remove("f");
map.put("05d", 647);
map.get("f");
map.put("d", 325);
map.isEmpty();
map.put("5", 467);
map.put("c5d", 282);
map.put("fa", 656);
map.put("f", 902);
map.remove("a8");
map.remove("9e");
map.put("c2", 810);
map.remove("c");
map.remove("9a");
map.put("fa9", 793);
map.put("5d", 776);
map.put("a", 196);
map.put("a", 310);
map.get("d");
map.put("c", 159);
map.get("8");
map.put("d", 988);
map.put("1", 290);
map.put("e", 306);
map.get("f");
map.put("db", 422);
map.put("d", 990);
map.put("e", 712);
map.remove("0f");
map.get("581");
map.containsValue(275);
map.get("4e");
map.put("a", 221);
map.put("e", 670);
map.remove("bf");
map.put("ca", 997);
map.put("7", 544);
map.put("92", 302);
map.put("f", 775);
map.put("e", 77);
map.containsValue(867);
map.put("a", 480);
map.put("c8", 254);
map.isEmpty();
map.put("ab", 729);
map.put("9", 671);
map.put("b", 869);
map.remove("b");
map.put("e4", 124);
map.remove("58");
map.put("08", 232);
map.put("b", 278);
map.put("09", 915);
map.put("ca", 553);
map.put("4", 323);
map.put("98", 313);
map.put("45", 963);
map.put("1b", 80);
map.containsKey("0f");
map.put("c5b", 574);
map.put("f", 239);
map.get("cb0");
map.put("4", 459);
map.put("2", 942);
map.put("d6", 987);
map.put("45a", 429);
map.get("1");
map.put("b", 630);
map.put("8", 725);
map.put("fa", 498);
map.put("d26", 486);
map.put("f9", 652);
map.remove("5d");
map.remove("1");
map.put("6", 656);
map.get("401f");
map.put("4", 192);
map.isEmpty();
