Map map = new PersistentHashMap();
map.get("1");
map.put("60", ["60", 42]);
map.get("0");
map.put("1", ["1", 262]);
map.put("18", ["18", 850]);
map.put("f", ["f", 883]);
map.get("65");
map.put("e", ["e", 533]);
map.remove("1f");
map.put("d", ["d", 738]);
map.put("2f5", ["2f5", 822]);
map.put("7", ["7", 806]);
map.remove("7");
map.put("5", ["5", 610]);
map.put("99", ["99", 38]);
map.put("64", ["64", 828]);
map.remove("0c");
map.get("f");
map.put("4", ["4", 891]);
map.size();
map.put("9", ["9", 329]);
map.remove("7");
map.get("c");
map.put("468", ["468", 872]);
map.put("5", ["5", 247]);
map.put("b", ["b", 193]);
map.put("f4", ["f4", 917]);
map.put("49", ["49", 471]);
map.put("40c", ["40c", 807]);
map.remove("7");
map.get("d6");
map.put("f", ["f", 226]);
map.remove("8");
map.put("9", ["9", 324]);
map.get("c");
map.get("1e8");
map.put("2", ["2", 370]);
map.put("8", ["8", 4]);
map.put("b", ["b", 851]);
map.put("df", ["df", 78]);
map.put("7", ["7", 756]);
map.put("a", ["a", 562]);
map.get("647");
map.put("e8", ["e8", 146]);
map.put("2b", ["2b", 189]);
map.put("b5", ["b5", 718]);
map.put("4", ["4", 241]);
map.put("e", ["e", 395]);
map.put("4d0", ["4d0", 409]);
map.put("e96", ["e96", 312]);
map.put("f", ["f", 638]);
map.put("a", ["a", 394]);
map.size();
map.put("f65", ["f65", 659]);
map.put("8", ["8", 11]);
map.get("9");
map.put("cc", ["cc", 425]);
map.put("b", ["b", 462]);
map.get("ba");
map.get("650");
map.put("0c", ["0c", 521]);
map.put("65f", ["65f", 656]);
map.put("d", ["d", 16]);
map.put("ec", ["ec", 458]);
map.remove("6");
map.put("f6", ["f6", 528]);
map.get("7b8");
map.remove("c");
map.put("1d", ["1d", 717]);
map.get("76");
map.get("8");
map.remove("fcfb");
map.put("7", ["7", 40]);
map.remove("54");
map.put("1", ["1", 929]);
map.put("4f", ["4f", 799]);
map.put("9", ["9", 147]);
map.put("54", ["54", 227]);
map.size();
map.get("ec");
map.put("0", ["0", 728]);
map.size();
map.put("b7", ["b7", 963]);
map.put("a", ["a", 968]);
map.put("a0", ["a0", 940]);
map.remove("a");
map.size();
map.put("69eb9", ["69eb9", 340]);
map.put("f", ["f", 1]);
map.put("a", ["a", 155]);
map.put("66", ["66", 879]);
map.put("b", ["b", 980]);
map.get("2");
map.put("aa", ["aa", 143]);
map.put("d", ["d", 280]);
map.get("a");
map.get("eb");
map.get("55");
map.remove("d");
map.put("8", ["8", 687]);
map.put("a", ["a", 164]);
map.put("b", ["b", 193]);
map.put("96", ["96", 344]);
map.get("57");
map.put("7", ["7", 394]);
map.put("6", ["6", 544]);
map.put("7", ["7", 929]);
map.get("ac");
map.put("0e7", ["0e7", 525]);
map.size();
map.put("7", ["7", 109]);
map.put("2", ["2", 242]);
map.put("dba", ["dba", 817]);
map.remove("09");
map.get("9");
map.remove("d");
map.remove("4b");
map.put("1", ["1", 201]);
map.put("81", ["81", 729]);
map.put("6", ["6", 441]);
map.remove("c0");
map.put("4", ["4", 455]);
map.put("1", ["1", 153]);
map.get("c");
map.put("8e", ["8e", 311]);
map.put("b", ["b", 529]);
map.put("a", ["a", 841]);
map.remove("d");
map.remove("a6a");
map.put("1", ["1", 589]);
map.put("1", ["1", 377]);
map.put("885", ["885", 646]);
map.put("27", ["27", 777]);
map.remove("5");
map.put("7", ["7", 271]);
map.put("d", ["d", 307]);
map.size();
map.put("91", ["91", 712]);
map.remove("aae");
map.put("12", ["12", 66]);
map.remove("7");
map.put("6", ["6", 399]);
map.remove("2ea");
map.put("622", ["622", 846]);
map.put("2", ["2", 600]);
map.put("4", ["4", 548]);
map.put("c", ["c", 60]);
map.put("5c01", ["5c01", 411]);
map.get("b");
map.put("0", ["0", 293]);
map.remove("7");
map.put("6", ["6", 124]);
map.get("b");
map.put("8f", ["8f", 380]);
map.put("0", ["0", 860]);
map.get("5b8");
map.remove("4");
map.get("f2");
map.put("0", ["0", 920]);
map.put("ff", ["ff", 110]);
map.put("8c", ["8c", 675]);
map.put("5", ["5", 597]);
map.put("a", ["a", 212]);
map.put("7", ["7", 65]);
map.get("8");
map.remove("7");
map.put("09", ["09", 145]);
map.remove("a");
map.get("b");
map.put("d29", ["d29", 339]);
map.size();
map.remove("e");
map.put("2", ["2", 937]);
map.put("22", ["22", 677]);
map.put("8", ["8", 771]);
map.put("0", ["0", 818]);
map.put("00", ["00", 689]);
map.remove("4");
map.remove("f");
map.put("d", ["d", 56]);
map.get("e6");
map.put("d6", ["d6", 210]);
map.remove("c94");
map.put("e", ["e", 57]);
map.put("4", ["4", 224]);
map.put("524", ["524", 453]);
map.remove("088");
map.put("b", ["b", 403]);
map.put("4bf", ["4bf", 453]);
map.put("8d", ["8d", 372]);
map.put("a", ["a", 809]);
map.put("d68", ["d68", 695]);
map.remove("6");
map.get("aa");
map.put("d17", ["d17", 774]);
map.get("f");
map.size();
map.size();
map.get("02");
map.put("0", ["0", 630]);
map.remove("8");
map.put("476", ["476", 613]);
map.put("9", ["9", 969]);
map.put("4", ["4", 741]);
map.get("2");
map.put("9f", ["9f", 289]);
map.get("acf");
map.remove("81");
map.put("0", ["0", 560]);
map.remove("89");
map.put("9e", ["9e", 203]);
map.put("e8", ["e8", 395]);
map.put("6", ["6", 842]);
map.get("8");
map.put("5", ["5", 947]);
map.put("b", ["b", 940]);
map.put("5c", ["5c", 733]);
map.remove("2b");
map.remove("06");
map.put("1e", ["1e", 290]);
map.remove("f");
map.put("e", ["e", 695]);
map.remove("a");
map.put("5", ["5", 87]);
map.remove("7");
map.put("deb", ["deb", 52]);
map.put("2", ["2", 937]);
map.remove("42b");
map.put("b0", ["b0", 342]);
map.remove("2c");
map.remove("28");
map.put("b", ["b", 964]);
map.remove("b");
map.get("676");
map.put("7c", ["7c", 661]);
map.remove("db56");
map.put("5", ["5", 335]);
map.put("c", ["c", 142]);
map.get("cb");
map.put("a", ["a", 657]);
map.put("72", ["72", 345]);
map.put("f", ["f", 100]);
map.remove("5");
map.get("20");
map.get("c6");
map.put("209", ["209", 990]);
map.remove("75e");
map.remove("6");
map.size();
map.get("1");
map.remove("a");
map.put("fcb", ["fcb", 628]);
map.get("de");
map.put("18", ["18", 296]);
map.get("e2");
map.put("7", ["7", 516]);
map.get("0ac");
map.remove("08");
map.put("8", ["8", 744]);
map.remove("4");
map.get("2");
map.get("c");
map.remove("ebbe8f");
map.remove("4b");
map.remove("b");
map.get("f");
map.put("a", ["a", 528]);
map.put("5", ["5", 925]);
map.get("47");
map.size();
map.get("c5");
map.put("a", ["a", 58]);
map.remove("7");
map.remove("4");
map.put("44", ["44", 882]);
map.remove("9");
map.put("8", ["8", 800]);
map.put("ab0", ["ab0", 30]);
map.put("9", ["9", 136]);
map.put("c", ["c", 160]);
map.put("6", ["6", 99]);
map.put("ec", ["ec", 260]);
map.get("d9");
map.size();
map.remove("9");
map.remove("b");
map.size();
map.remove("ea");
map.remove("e15");
map.put("a6a4", ["a6a4", 897]);
map.put("de5", ["de5", 637]);
map.get("c");
map.put("b", ["b", 948]);
map.put("6", ["6", 557]);
map.remove("7f76");
map.put("b", ["b", 759]);
map.get("d");
map.put("4", ["4", 24]);
map.remove("5");
map.put("8", ["8", 298]);
map.put("6", ["6", 888]);
map.get("5");
map.put("1", ["1", 247]);
map.put("4", ["4", 221]);
map.put("4", ["4", 962]);
map.get("c");
map.put("65", ["65", 243]);
map.put("f579", ["f579", 293]);
map.get("f1");
map.put("88", ["88", 361]);
map.put("4", ["4", 323]);
map.put("569", ["569", 208]);
map.put("d4", ["d4", 864]);
map.put("8", ["8", 53]);
map.put("4", ["4", 324]);
map.remove("7");
map.put("58", ["58", 488]);
map.put("9897", ["9897", 457]);
map.put("b", ["b", 325]);
map.put("1a", ["1a", 78]);
map.remove("0c");
